\BOOKMARK [0][-]{section*.1}{\376\377\000D\000e\000c\000l\000a\000r\000a\000t\000i\000o\000n\000\040\000o\000f\000\040\000A\000u\000t\000h\000o\000r\000s\000h\000i\000p}{}% 1
\BOOKMARK [0][-]{section*.2}{\376\377\000A\000b\000s\000t\000r\000a\000c\000t}{}% 2
\BOOKMARK [0][-]{section*.3}{\376\377\000A\000c\000k\000n\000o\000w\000l\000e\000d\000g\000e\000m\000e\000n\000t\000s}{}% 3
\BOOKMARK [0][-]{chapter.7}{\376\377\000I\000n\000t\000r\000o\000d\000u\000c\000t\000i\000o\000n}{}% 4
\BOOKMARK [1][-]{section.8}{\376\377\000T\000h\000e\000s\000i\000s\000\040\000S\000t\000a\000t\000e\000m\000e\000n\000t\000.\000\040\000B\000a\000c\000k\000g\000r\000o\000u\000n\000d\000\040\000a\000n\000d\000\040\000m\000o\000t\000i\000v\000a\000t\000i\000o\000n}{chapter.7}% 5
\BOOKMARK [1][-]{section.9}{\376\377\000P\000h\000a\000s\000e\000-\000C\000h\000a\000n\000g\000e\000\040\000P\000r\000o\000c\000e\000s\000s}{chapter.7}% 6
\BOOKMARK [2][-]{subsection.11}{\376\377\000W\000a\000t\000e\000r\000\040\000p\000h\000a\000s\000e\000-\000c\000h\000a\000n\000g\000e}{section.9}% 7
\BOOKMARK [2][-]{subsection.12}{\376\377\000P\000h\000a\000s\000e\000\040\000d\000i\000a\000g\000r\000a\000m\000\040\000o\000f\000\040\000i\000c\000e}{section.9}% 8
\BOOKMARK [2][-]{subsection.13}{\376\377\000P\000r\000o\000p\000e\000r\000t\000i\000e\000s\000\040\000o\000f\000\040\000i\000c\000e}{section.9}% 9
\BOOKMARK [2][-]{subsection.14}{\376\377\000F\000r\000e\000e\000z\000i\000n\000g\000\040\000p\000h\000e\000n\000o\000m\000e\000n\000a}{section.9}% 10
\BOOKMARK [1][-]{section.16}{\376\377\000M\000e\000c\000h\000a\000n\000i\000s\000m\000s\000\040\000o\000f\000\040\000H\000e\000a\000t\000\040\000T\000r\000a\000n\000s\000f\000e\000r\000.\000\040\000H\000e\000a\000t\000\040\000c\000o\000n\000v\000e\000c\000t\000i\000o\000n}{chapter.7}% 11
\BOOKMARK [1][-]{section.17}{\376\377\000C\000o\000n\000j\000u\000g\000a\000t\000e\000\040\000H\000e\000a\000t\000\040\000T\000r\000a\000n\000s\000f\000e\000r\000.\000\040\000H\000e\000a\000t\000\040\000c\000o\000n\000d\000u\000c\000t\000i\000o\000n}{chapter.7}% 12
\BOOKMARK [0][-]{chapter.18}{\376\377\000N\000u\000m\000e\000r\000i\000c\000a\000l\000\040\000M\000e\000t\000h\000o\000d\000s\000\040\000f\000o\000r\000\040\000P\000h\000a\000s\000e\000-\000C\000h\000a\000n\000g\000e\000\040\000P\000h\000e\000n\000o\000m\000e\000n\000a}{}% 13
\BOOKMARK [1][-]{section.19}{\376\377\000S\000t\000a\000t\000e\000\040\000o\000f\000\040\000A\000r\000t\000.\000\040\000N\000u\000m\000e\000r\000i\000c\000a\000l\000\040\000M\000e\000t\000h\000o\000d\000s}{chapter.18}% 14
\BOOKMARK [1][-]{section.23}{\376\377\000S\000o\000l\000i\000d\000i\000f\000i\000c\000a\000t\000i\000o\000n\000\040\000m\000e\000t\000h\000o\000d\000s}{chapter.18}% 15
\BOOKMARK [2][-]{subsection.24}{\376\377\000V\000o\000l\000u\000m\000e\000-\000o\000f\000-\000F\000l\000u\000i\000d\000\040\000M\000e\000t\000h\000o\000d\000:\000\040\000G\000e\000n\000e\000r\000a\000l\000\040\000A\000s\000p\000e\000c\000t\000s}{section.23}% 16
\BOOKMARK [2][-]{subsection.27}{\376\377\000E\000n\000t\000h\000a\000l\000p\000y\000-\000P\000o\000r\000o\000s\000i\000t\000y\000\040\000M\000o\000d\000e\000l\000.\000\040\000G\000o\000v\000e\000r\000n\000i\000n\000g\000\040\000E\000q\000u\000a\000t\000i\000o\000n\000s}{section.23}% 17
\BOOKMARK [2][-]{subsection.33}{\376\377\000L\000e\000e\000\040\000m\000o\000d\000e\000l}{section.23}% 18
\BOOKMARK [3][-]{subsubsection.38}{\376\377\000M\000o\000m\000e\000n\000t\000u\000m\000\040\000E\000q\000u\000a\000t\000i\000o\000n}{subsection.33}% 19
\BOOKMARK [3][-]{subsubsection.41}{\376\377\000E\000n\000e\000r\000g\000y\000\040\000E\000q\000u\000a\000t\000i\000o\000n}{subsection.33}% 20
\BOOKMARK [3][-]{subsubsection.44}{\376\377\000C\000l\000a\000s\000s\000i\000c\000a\000l\000\040\000n\000u\000c\000l\000e\000a\000t\000i\000o\000n\000\040\000t\000h\000e\000o\000r\000y\000.\000\040\000T\000h\000e\000\040\000c\000o\000e\000f\000f\000i\000c\000i\000e\000n\000t\000\040\000C\000f\000.}{subsection.33}% 21
\BOOKMARK [2][-]{subsection.62}{\376\377\000I\000n\000t\000e\000r\000p\000h\000a\000s\000e\000\040\000p\000o\000r\000o\000s\000i\000t\000y\000\040\000m\000o\000d\000e\000l\000s}{section.23}% 22
\BOOKMARK [3][-]{subsubsection.68}{\376\377\000S\000u\000r\000f\000a\000c\000e\000\040\000t\000e\000n\000s\000i\000o\000n\000\040\000m\000o\000d\000e\000l}{subsection.62}% 23
\BOOKMARK [0][-]{chapter.69}{\376\377\000N\000u\000m\000e\000r\000i\000c\000a\000l\000\040\000S\000i\000m\000u\000l\000a\000t\000i\000o\000n\000\040\000o\000f\000\040\000S\000o\000l\000i\000d\000i\000f\000i\000c\000a\000t\000i\000o\000n\000\040\000P\000r\000o\000c\000e\000s\000s}{}% 24
\BOOKMARK [1][-]{section.70}{\376\377\000O\000p\000e\000n\000F\000O\000A\000M\000.\000\040\000G\000e\000n\000e\000r\000a\000l\000\040\000A\000s\000p\000e\000c\000t\000s}{chapter.69}% 25
\BOOKMARK [2][-]{subsection.71}{\376\377\000T\000h\000e\000\040\000f\000i\000n\000i\000t\000e\000\040\000v\000o\000l\000u\000m\000e\000\040\000m\000e\000t\000h\000o\000d}{section.70}% 26
\BOOKMARK [2][-]{subsection.76}{\376\377\000O\000p\000e\000n\000F\000O\000A\000M\000\040\000f\000u\000n\000c\000t\000i\000o\000n\000i\000n\000g}{section.70}% 27
\BOOKMARK [2][-]{subsection.78}{\376\377\000B\000o\000u\000n\000d\000a\000r\000y\000\040\000C\000o\000n\000d\000i\000t\000i\000o\000n\000s\000\040\000D\000i\000r\000e\000c\000t\000o\000r\000y}{section.70}% 28
\BOOKMARK [2][-]{subsection.79}{\376\377\000C\000o\000n\000s\000t\000a\000n\000t\000\040\000P\000r\000o\000p\000e\000r\000t\000i\000e\000s\000\040\000D\000i\000r\000e\000c\000t\000o\000r\000y}{section.70}% 29
\BOOKMARK [2][-]{subsection.80}{\376\377\000S\000y\000s\000t\000e\000m\000\040\000D\000i\000r\000e\000c\000t\000o\000r\000y}{section.70}% 30
\BOOKMARK [1][-]{section.81}{\376\377\000S\000o\000l\000i\000d\000i\000f\000i\000c\000a\000t\000i\000o\000n\000\040\000p\000r\000o\000c\000e\000s\000s\000.\000\040\000M\000e\000t\000h\000o\000d\000o\000l\000o\000g\000y}{chapter.69}% 31
\BOOKMARK [1][-]{section.82}{\376\377\000O\000p\000e\000n\000F\000O\000A\000M\000:\000\040\000B\000u\000o\000y\000a\000n\000t\000B\000o\000u\000s\000s\000i\000n\000e\000s\000q\000P\000i\000m\000p\000l\000e\000F\000O\000A\000M\000.\000\040\000N\000a\000t\000u\000r\000a\000l\000\040\000C\000o\000n\000v\000e\000c\000t\000i\000o\000n\000\040\000s\000o\000l\000v\000e\000r}{chapter.69}% 32
\BOOKMARK [2][-]{subsection.83}{\376\377\000C\000a\000s\000e\000\040\000D\000e\000s\000c\000r\000i\000p\000t\000i\000o\000n}{section.82}% 33
\BOOKMARK [2][-]{subsection.85}{\376\377\000H\000y\000p\000o\000t\000h\000e\000s\000e\000s\000\040\000A\000n\000d\000\040\000A\000s\000s\000u\000m\000p\000t\000i\000o\000n\000s}{section.82}% 34
\BOOKMARK [2][-]{subsection.88}{\376\377\000G\000o\000v\000e\000r\000n\000i\000n\000g\000\040\000E\000q\000u\000a\000t\000i\000o\000n\000s}{section.82}% 35
\BOOKMARK [3][-]{subsubsection.90}{\376\377\000M\000o\000m\000e\000n\000t\000u\000m\000\040\000E\000q\000u\000a\000t\000i\000o\000n}{subsection.88}% 36
\BOOKMARK [3][-]{subsubsection.97}{\376\377\000T\000e\000m\000p\000e\000r\000a\000t\000u\000r\000e\000\040\000E\000q\000u\000a\000t\000i\000o\000n}{subsection.88}% 37
\BOOKMARK [2][-]{subsection.100}{\376\377\000S\000o\000l\000v\000e\000r\000\040\000d\000e\000s\000c\000r\000i\000p\000t\000o\000n\000.\000\040\000C\000o\000n\000t\000r\000o\000l\000\040\000L\000o\000o\000p}{section.82}% 38
\BOOKMARK [2][-]{subsection.102}{\376\377\000C\000o\000d\000e\000\040\000i\000m\000p\000l\000e\000m\000e\000n\000t\000a\000t\000i\000o\000n\000s}{section.82}% 39
\BOOKMARK [2][-]{subsection.118}{\376\377\000C\000a\000s\000e\000\040\000S\000e\000t\000u\000p}{section.82}% 40
\BOOKMARK [2][-]{subsection.127}{\376\377\000V\000a\000l\000i\000d\000a\000t\000i\000o\000n\000\040\000o\000f\000\040\000R\000e\000s\000u\000l\000t\000s\000\040\000a\000n\000d\000\040\000C\000o\000n\000c\000l\000u\000s\000i\000o\000n\000s}{section.82}% 41
\BOOKMARK [1][-]{section.137}{\376\377\000O\000p\000e\000n\000F\000O\000A\000M\000:\000\040\000I\000c\000o\000R\000e\000a\000c\000t\000i\000n\000g\000M\000u\000l\000t\000i\000p\000h\000a\000s\000e\000I\000n\000t\000e\000r\000F\000O\000A\000M\000.\000\040\000P\000h\000a\000s\000e\000-\000C\000h\000a\000n\000g\000e\000\040\000P\000r\000o\000c\000e\000s\000s}{chapter.69}% 42
\BOOKMARK [1][-]{section.138}{\376\377\000C\000a\000s\000e\000\040\000D\000e\000s\000c\000r\000i\000p\000t\000i\000o\000n\000.}{chapter.69}% 43
\BOOKMARK [2][-]{subsection.139}{\376\377\000H\000y\000p\000o\000t\000h\000e\000s\000e\000s\000\040\000A\000n\000d\000\040\000A\000s\000s\000u\000m\000p\000t\000i\000o\000n\000s}{section.138}% 44
\BOOKMARK [2][-]{subsection.145}{\376\377\000G\000o\000v\000e\000r\000n\000i\000n\000g\000\040\000E\000q\000u\000a\000t\000i\000o\000n\000s}{section.138}% 45
\BOOKMARK [3][-]{subsubsection.146}{\376\377\000M\000o\000m\000e\000n\000t\000u\000m\000\040\000E\000q\000u\000a\000t\000i\000o\000n}{subsection.145}% 46
\BOOKMARK [3][-]{subsubsection.147}{\376\377\000E\000n\000e\000r\000g\000y\000\040\000E\000q\000u\000a\000t\000i\000o\000n}{subsection.145}% 47
\BOOKMARK [2][-]{subsection.148}{\376\377\000S\000o\000l\000v\000e\000r\000\040\000d\000e\000s\000c\000r\000i\000p\000t\000i\000o\000n\000.\000\040\000C\000o\000n\000t\000r\000o\000l\000\040\000L\000o\000o\000p}{section.138}% 48
\BOOKMARK [2][-]{subsection.149}{\376\377\000P\000h\000a\000s\000e\000\040\000m\000o\000d\000e\000l\000s}{section.138}% 49
\BOOKMARK [2][-]{subsection.150}{\376\377\000M\000a\000s\000s\000\040\000t\000r\000a\000n\000s\000f\000e\000r\000\040\000m\000o\000d\000e\000l\000s}{section.138}% 50
\BOOKMARK [2][-]{subsection.151}{\376\377\000C\000o\000d\000e\000\040\000i\000m\000p\000l\000e\000m\000e\000n\000t\000a\000t\000i\000o\000n\000s}{section.138}% 51
\BOOKMARK [2][-]{subsection.152}{\376\377\000C\000a\000s\000e\000\040\000S\000e\000t\000u\000p}{section.138}% 52
\BOOKMARK [2][-]{subsection.163}{\376\377\000V\000a\000l\000i\000d\000a\000t\000i\000o\000n\000\040\000o\000f\000\040\000R\000e\000s\000u\000l\000t\000s\000\040\000a\000n\000d\000\040\000C\000o\000n\000c\000l\000u\000s\000i\000o\000n\000s}{section.138}% 53
\BOOKMARK [3][-]{subsubsection.165}{\376\377\000S\000t\000e\000f\000a\000n\000\040\000P\000r\000o\000b\000l\000e\000m}{subsection.163}% 54
\BOOKMARK [3][-]{subsubsection.171}{\376\377\000I\000n\000t\000e\000r\000f\000a\000c\000e\000\040\000h\000e\000i\000g\000h\000t}{subsection.163}% 55
\BOOKMARK [0][-]{chapter.173}{\376\377\000N\000u\000m\000e\000r\000i\000c\000a\000l\000\040\000S\000i\000m\000u\000l\000a\000t\000i\000o\000n\000\040\000o\000f\000\040\000H\000e\000a\000t\000\040\000T\000r\000a\000n\000s\000f\000e\000r}{}% 56
\BOOKMARK [1][-]{section.174}{\376\377\000O\000p\000e\000n\000F\000O\000A\000M\000:\000\040\000c\000h\000t\000M\000u\000l\000t\000i\000p\000h\000a\000s\000e\000I\000n\000t\000e\000r\000F\000O\000A\000M\000.\000\040\000C\000o\000n\000j\000u\000g\000a\000t\000e\000\040\000H\000e\000a\000t\000\040\000T\000r\000a\000n\000s\000f\000e\000r}{chapter.173}% 57
\BOOKMARK [2][-]{subsection.181}{\376\377\000C\000a\000s\000e\000\040\000d\000e\000s\000c\000r\000i\000p\000t\000i\000o\000n}{section.174}% 58
\BOOKMARK [2][-]{subsection.182}{\376\377\000H\000y\000p\000o\000t\000h\000e\000s\000e\000s\000\040\000A\000n\000d\000\040\000A\000s\000s\000u\000m\000p\000t\000i\000o\000n\000s}{section.174}% 59
\BOOKMARK [2][-]{subsection.183}{\376\377\000G\000o\000v\000e\000r\000n\000i\000n\000g\000\040\000E\000q\000u\000a\000t\000i\000o\000n\000s\000\040\000o\000f\000\040\000t\000h\000e\000\040\000F\000l\000u\000i\000d\000\040\000R\000e\000g\000i\000o\000n}{section.174}% 60
\BOOKMARK [2][-]{subsection.184}{\376\377\000G\000o\000v\000e\000r\000n\000i\000n\000g\000\040\000E\000q\000u\000a\000t\000i\000o\000n\000s\000\040\000o\000f\000\040\000t\000h\000e\000\040\000S\000o\000l\000i\000d\000\040\000R\000e\000g\000i\000o\000n}{section.174}% 61
\BOOKMARK [3][-]{subsubsection.185}{\376\377\000E\000n\000e\000r\000g\000y\000\040\000E\000q\000u\000a\000t\000i\000o\000n}{subsection.184}% 62
\BOOKMARK [2][-]{subsection.187}{\376\377\000S\000o\000l\000v\000e\000r\000\040\000d\000e\000s\000c\000r\000i\000p\000t\000i\000o\000n\000.\000\040\000C\000o\000n\000t\000r\000o\000l\000\040\000L\000o\000o\000p}{section.174}% 63
\BOOKMARK [2][-]{subsection.189}{\376\377\000C\000o\000d\000e\000\040\000i\000m\000p\000l\000e\000m\000e\000n\000t\000a\000t\000i\000o\000n\000s}{section.174}% 64
\BOOKMARK [2][-]{subsection.190}{\376\377\000C\000a\000s\000e\000\040\000S\000e\000t\000u\000p}{section.174}% 65
\BOOKMARK [3][-]{subsubsection.191}{\376\377\000B\000o\000u\000n\000d\000a\000r\000y\000\040\000c\000o\000n\000d\000i\000t\000i\000o\000n\000s}{subsection.190}% 66
\BOOKMARK [2][-]{subsection.197}{\376\377\000V\000a\000l\000i\000d\000a\000t\000i\000o\000n\000\040\000o\000f\000\040\000R\000e\000s\000u\000l\000t\000s\000\040\000a\000n\000d\000\040\000C\000o\000n\000c\000l\000u\000s\000i\000o\000n\000s}{section.174}% 67
\BOOKMARK [0][-]{chapter.198}{\376\377\000C\000o\000n\000c\000l\000u\000s\000i\000o\000n\000s}{}% 68
\BOOKMARK [0][-]{chapter.199}{\376\377\000F\000u\000t\000u\000r\000e\000\040\000W\000o\000r\000k\000s}{}% 69
\BOOKMARK [0][-]{appendix.200}{}{}% 70
\BOOKMARK [1][-]{section.201}{\376\377\000E\000n\000t\000h\000a\000l\000p\000y\000-\000p\000o\000r\000o\000s\000i\000t\000y\000\040\000l\000i\000b\000r\000a\000r\000y}{appendix.200}% 71
\BOOKMARK [1][-]{section.202}{\376\377\000L\000e\000e\000-\000N\000u\000c\000l\000e\000a\000t\000i\000o\000n\000\040\000l\000i\000b\000r\000a\000r\000y}{appendix.200}% 72
\BOOKMARK [1][-]{section.203}{\376\377\000c\000h\000t\000M\000u\000l\000t\000i\000p\000h\000a\000s\000e\000I\000n\000t\000e\000r\000F\000o\000a\000m\000\040\000s\000o\000l\000v\000e\000r}{appendix.200}% 73
\BOOKMARK [0][-]{appendix*.204}{\376\377\000B\000i\000b\000l\000i\000o\000g\000r\000a\000p\000h\000y}{}% 74
