This is pdfTeX, Version 3.141592653-2.6-1.40.24 (MiKTeX 22.1) (preloaded format=pdflatex 2021.12.9)  8 JUN 2022 16:19
entering extended mode
 restricted \write18 enabled.
 %&-line parsing enabled.
**./main.tex
(main.tex
LaTeX2e <2021-11-15> patch level 1
L3 programming layer <2021-11-22> (MastersDoctoralThesis.cls
Document Class: MastersDoctoralThesis 2017/08/27 v1.6 LaTeXTemplates.com
(/home/aitor/.miktex/texmfs/install/tex/latex/etoolbox/etoolbox.sty
Package: etoolbox 2020/10/05 v2.5k e-TeX tools for LaTeX (JAW)
\etb@tempcnta=\count183
)
(/home/aitor/.miktex/texmfs/install/tex/latex/l3packages/xparse/xparse.sty
(/home/aitor/.miktex/texmfs/install/tex/latex/l3kernel/expl3.sty
Package: expl3 2021-11-22 L3 programming layer (loader) 

(/home/aitor/.miktex/texmfs/install/tex/latex/l3backend/l3backend-pdftex.def
File: l3backend-pdftex.def 2021-10-18 L3 backend support: PDF output (pdfTeX)
\l__color_backend_stack_int=\count184
\l__pdf_internal_box=\box50
))
Package: xparse 2021-11-12 L3 Experimental document command parser
) (/home/aitor/.miktex/texmfs/install/tex/latex/base/book.cls
Document Class: book 2021/10/04 v1.4n Standard LaTeX document class
(/home/aitor/.miktex/texmfs/install/tex/latex/base/bk11.clo
File: bk11.clo 2021/10/04 v1.4n Standard LaTeX file (size option)
)
\c@part=\count185
\c@chapter=\count186
\c@section=\count187
\c@subsection=\count188
\c@subsubsection=\count189
\c@paragraph=\count190
\c@subparagraph=\count191
\c@figure=\count192
\c@table=\count193
\abovecaptionskip=\skip47
\belowcaptionskip=\skip48
\bibindent=\dimen138
)
(/home/aitor/.miktex/texmfs/install/tex/generic/babel/babel.sty
Package: babel 2021/11/29 3.67 The Babel package
\babel@savecnt=\count194
\U@D=\dimen139
\l@unhyphenated=\language84

(/home/aitor/.miktex/texmfs/install/tex/generic/babel/txtbabel.def)
\bbl@readstream=\read2
\bbl@dirlevel=\count195

*************************************
* Local config file bblopts.cfg used
*
(/home/aitor/.miktex/texmfs/install/tex/latex/arabi/bblopts.cfg
File: bblopts.cfg 2005/09/08 v0.1 add Arabic and Farsi to "declared" options of
 babel
)
(/home/aitor/.miktex/texmfs/install/tex/latex/babel-english/english.ldf
Language: english 2017/06/06 v3.3r English support from the babel system
Package babel Info: Hyphen rules for 'canadian' set to \l@english
(babel)             (\language0). Reported on input line 102.
Package babel Info: Hyphen rules for 'australian' set to \l@ukenglish
(babel)             (\language78). Reported on input line 105.
Package babel Info: Hyphen rules for 'newzealand' set to \l@ukenglish
(babel)             (\language78). Reported on input line 108.
))
(/home/aitor/.miktex/texmfs/install/tex/latex/koma-script/scrbase.sty
Package: scrbase 2021/11/13 v3.35 KOMA-Script package (KOMA-Script-independent 
basics and keyval usage)

(/home/aitor/.miktex/texmfs/install/tex/latex/koma-script/scrlfile.sty
Package: scrlfile 2021/11/13 v3.35 KOMA-Script package (file load hooks)

(/home/aitor/.miktex/texmfs/install/tex/latex/koma-script/scrlfile-hook.sty
Package: scrlfile-hook 2021/11/13 v3.35 KOMA-Script package (using LaTeX hooks)


(/home/aitor/.miktex/texmfs/install/tex/latex/koma-script/scrlogo.sty
Package: scrlogo 2021/11/13 v3.35 KOMA-Script package (logo)
)))
(/home/aitor/.miktex/texmfs/install/tex/latex/graphics/keyval.sty
Package: keyval 2014/10/28 v1.15 key=value parser (DPC)
\KV@toks@=\toks16
)
Applying: [2021/05/01] Usage of raw or classic option list on input line 252.
Already applied: [0000/00/00] Usage of raw or classic option list on input line
 368.
)
(/home/aitor/.miktex/texmfs/install/tex/latex/koma-script/scrhack.sty
Package: scrhack 2021/11/13 v3.35 KOMA-Script package (hacking other packages)

(/home/aitor/.miktex/texmfs/install/tex/latex/koma-script/scrkbase.sty
Package: scrkbase 2021/11/13 v3.35 KOMA-Script package (KOMA-Script-dependent b
asics and keyval usage)
)
(/home/aitor/.miktex/texmfs/install/tex/latex/xpatch/xpatch.sty
Package: xpatch 2020/03/25 v0.3a Extending etoolbox patching commands
))
(/home/aitor/.miktex/texmfs/install/tex/latex/setspace/setspace.sty
Package: setspace 2011/12/19 v6.7a set line spacing
)
Package scrhack Info: loading setspace hack on input line 193.

(/home/aitor/.miktex/texmfs/install/tex/latex/koma-script/setspace.hak
File: setspace.hak 2021/11/13 v3.35 KOMA-Script scrhack part (hacking package s
etspace)
)
(/home/aitor/.miktex/texmfs/install/tex/latex/tools/longtable.sty
Package: longtable 2021-09-01 v4.17 Multi-page Table package (DPC)
\LTleft=\skip49
\LTright=\skip50
\LTpre=\skip51
\LTpost=\skip52
\LTchunksize=\count196
\LTcapwidth=\dimen140
\LT@head=\box51
\LT@firsthead=\box52
\LT@foot=\box53
\LT@lastfoot=\box54
\LT@gbox=\box55
\LT@cols=\count197
\LT@rows=\count198
\c@LT@tables=\count199
\c@LT@chunks=\count266
\LT@p@ftn=\toks17
)
(/home/aitor/.miktex/texmfs/install/tex/latex/siunitx/siunitx.sty
Package: siunitx 2021-12-03 v3.0.37 A comprehensive (SI) units package
\l__siunitx_angle_tmp_dim=\dimen141
\l__siunitx_angle_marker_box=\box56
\l__siunitx_angle_unit_box=\box57
\l__siunitx_compound_count_int=\count267

(/home/aitor/.miktex/texmfs/install/tex/latex/translations/translations.sty
Package: translations 2021/01/17 v1.10a internationalization of LaTeX2e package
s (CN)

(/home/aitor/.miktex/texmfs/install/tex/generic/pdftexcmds/pdftexcmds.sty
Package: pdftexcmds 2020-06-27 v0.33 Utility functions of pdfTeX for LuaTeX (HO
)

(/home/aitor/.miktex/texmfs/install/tex/generic/infwarerr/infwarerr.sty
Package: infwarerr 2019/12/03 v1.5 Providing info/warning/error messages (HO)
)
(/home/aitor/.miktex/texmfs/install/tex/generic/iftex/iftex.sty
Package: iftex 2020/03/06 v1.0d TeX engine tests
)
(/home/aitor/.miktex/texmfs/install/tex/generic/ltxcmds/ltxcmds.sty
Package: ltxcmds 2020-05-10 v1.25 LaTeX kernel commands for general use (HO)
)
Package pdftexcmds Info: \pdf@primitive is available.
Package pdftexcmds Info: \pdf@ifprimitive is available.
Package pdftexcmds Info: \pdfdraftmode found.
))
\l__siunitx_number_exponent_fixed_int=\count268
\l__siunitx_number_min_decimal_int=\count269
\l__siunitx_number_min_integer_int=\count270
\l__siunitx_number_round_precision_int=\count271
\l__siunitx_number_group_minimum_int=\count272

(/home/aitor/.miktex/texmfs/install/tex/latex/amsmath/amstext.sty
Package: amstext 2021/08/26 v2.01 AMS text

(/home/aitor/.miktex/texmfs/install/tex/latex/amsmath/amsgen.sty
File: amsgen.sty 1999/11/30 v2.0 generic functions
\@emptytoks=\toks18
\ex@=\dimen142
))
\l__siunitx_table_tmp_box=\box58
\l__siunitx_table_tmp_dim=\dimen143
\l__siunitx_table_column_width_dim=\dimen144
\l__siunitx_table_integer_box=\box59
\l__siunitx_table_decimal_box=\box60
\l__siunitx_table_before_box=\box61
\l__siunitx_table_after_box=\box62
\l__siunitx_table_before_dim=\dimen145
\l__siunitx_table_carry_dim=\dimen146
\l__siunitx_unit_tmp_int=\count273
\l__siunitx_unit_position_int=\count274
\l__siunitx_unit_total_int=\count275

(/home/aitor/.miktex/texmfs/install/tex/latex/l3packages/l3keys2e/l3keys2e.sty
Package: l3keys2e 2021-11-12 LaTeX2e option processing using LaTeX3 keys
) (/home/aitor/.miktex/texmfs/install/tex/latex/tools/array.sty
Package: array 2021/10/04 v2.5f Tabular extension package (FMi)
\col@sep=\dimen147
\ar@mcellbox=\box63
\extrarowheight=\dimen148
\NC@list=\toks19
\extratabsurround=\skip53
\backup@length=\skip54
\ar@cellbox=\box64
))
(/home/aitor/.miktex/texmfs/install/tex/latex/graphics/graphicx.sty
Package: graphicx 2021/09/16 v1.2d Enhanced LaTeX Graphics (DPC,SPQR)

(/home/aitor/.miktex/texmfs/install/tex/latex/graphics/graphics.sty
Package: graphics 2021/03/04 v1.4d Standard LaTeX Graphics (DPC,SPQR)

(/home/aitor/.miktex/texmfs/install/tex/latex/graphics/trig.sty
Package: trig 2021/08/11 v1.11 sin cos tan (DPC)
)
(/home/aitor/.miktex/texmfs/install/tex/latex/graphics-cfg/graphics.cfg
File: graphics.cfg 2016/06/04 v1.11 sample graphics configuration
)
Package graphics Info: Driver file: pdftex.def on input line 107.

(/home/aitor/.miktex/texmfs/install/tex/latex/graphics-def/pdftex.def
File: pdftex.def 2020/10/05 v1.2a Graphics/color driver for pdftex
))
\Gin@req@height=\dimen149
\Gin@req@width=\dimen150
)
(/home/aitor/.miktex/texmfs/install/tex/latex/booktabs/booktabs.sty
Package: booktabs 2020/01/12 v1.61803398 Publication quality tables
\heavyrulewidth=\dimen151
\lightrulewidth=\dimen152
\cmidrulewidth=\dimen153
\belowrulesep=\dimen154
\belowbottomsep=\dimen155
\aboverulesep=\dimen156
\abovetopsep=\dimen157
\cmidrulesep=\dimen158
\cmidrulekern=\dimen159
\defaultaddspace=\dimen160
\@cmidla=\count276
\@cmidlb=\count277
\@aboverulesep=\dimen161
\@belowrulesep=\dimen162
\@thisruleclass=\count278
\@lastruleclass=\count279
\@thisrulewidth=\dimen163
)
(/home/aitor/.miktex/texmfs/install/tex/latex/caption/caption.sty
Package: caption 2020/10/26 v3.5g Customizing captions (AR)

(/home/aitor/.miktex/texmfs/install/tex/latex/caption/caption3.sty
Package: caption3 2020/10/21 v2.2e caption3 kernel (AR)
\captionmargin=\dimen164
\captionmargin@=\dimen165
\captionwidth=\dimen166
\caption@tempdima=\dimen167
\caption@indent=\dimen168
\caption@parindent=\dimen169
\caption@hangindent=\dimen170
Package caption Info: Standard document class detected.
)
\c@caption@flags=\count280
\c@continuedfloat=\count281
Package caption Info: longtable package is loaded.

(/home/aitor/.miktex/texmfs/install/tex/latex/caption/ltcaption.sty
Package: ltcaption 2020/05/30 v1.4b longtable captions (AR)
))
(/home/aitor/.miktex/texmfs/install/tex/latex/xcolor/xcolor.sty
Package: xcolor 2021/10/31 v2.13 LaTeX color extensions (UK)

(/home/aitor/.miktex/texmfs/install/tex/latex/graphics-cfg/color.cfg
File: color.cfg 2016/01/02 v1.6 sample color configuration
)
Package xcolor Info: Driver file: pdftex.def on input line 227.
Package xcolor Info: Model `cmy' substituted by `cmy0' on input line 1352.
Package xcolor Info: Model `hsb' substituted by `rgb' on input line 1356.
Package xcolor Info: Model `RGB' extended on input line 1368.
Package xcolor Info: Model `HTML' substituted by `rgb' on input line 1370.
Package xcolor Info: Model `Hsb' substituted by `hsb' on input line 1371.
Package xcolor Info: Model `tHsb' substituted by `hsb' on input line 1372.
Package xcolor Info: Model `HSB' substituted by `hsb' on input line 1373.
Package xcolor Info: Model `Gray' substituted by `gray' on input line 1374.
Package xcolor Info: Model `wave' substituted by `hsb' on input line 1375.
)
(/home/aitor/.miktex/texmfs/install/tex/latex/geometry/geometry.sty
Package: geometry 2020/01/02 v5.9 Page Geometry

(/home/aitor/.miktex/texmfs/install/tex/generic/iftex/ifvtex.sty
Package: ifvtex 2019/10/25 v1.7 ifvtex legacy package. Use iftex instead.
)
\Gm@cnth=\count282
\Gm@cntv=\count283
\c@Gm@tempcnt=\count284
\Gm@bindingoffset=\dimen171
\Gm@wd@mp=\dimen172
\Gm@odd@mp=\dimen173
\Gm@even@mp=\dimen174
\Gm@layoutwidth=\dimen175
\Gm@layoutheight=\dimen176
\Gm@layouthoffset=\dimen177
\Gm@layoutvoffset=\dimen178
\Gm@dimlist=\toks20

(/home/aitor/.miktex/texmfs/install/tex/latex/geometry/geometry.cfg))
(/home/aitor/.miktex/texmfs/install/tex/latex/koma-script/scrlayer-scrpage.sty
Package: scrlayer-scrpage 2021/11/13 v3.35 KOMA-Script package (end user interf
ace for scrlayer)

(/home/aitor/.miktex/texmfs/install/tex/latex/koma-script/scrlayer.sty
Package: scrlayer 2021/11/13 v3.35 KOMA-Script package (defining layers and pag
e styles)
\footheight=\skip55
Package scrlayer Info: patching LaTeX kernel macro \pagestyle on input line 216
2.
)
Package scrbase Info: Unknown processing state.
(scrbase)             Processing option `markcase=used'
(scrbase)             of member `.scrlayer-scrpage.sty' of family
(scrbase)             `KOMA' doesn't set
(scrbase)             a valid state. This will be interpreted
(scrbase)             as \FamilyKeyStateProcessed on input line 636.
)
Package scrlayer-scrpage Info: auto-selection of `pagestyleset=standard'.

1: chapter
1: chapter
1: section
) (/home/aitor/.miktex/texmfs/install/tex/latex/pdfpages/pdfpages.sty
Package: pdfpages 2021/03/06 v0.5t Insert pages of external PDF documents (AM)

(/home/aitor/.miktex/texmfs/install/tex/latex/base/ifthen.sty
Package: ifthen 2020/11/24 v1.1c Standard LaTeX ifthen package (DPC)
)
(/home/aitor/.miktex/texmfs/install/tex/latex/tools/calc.sty
Package: calc 2017/05/25 v4.3 Infix arithmetic (KKT,FJ)
\calc@Acount=\count285
\calc@Bcount=\count286
\calc@Adimen=\dimen179
\calc@Bdimen=\dimen180
\calc@Askip=\skip56
\calc@Bskip=\skip57
LaTeX Info: Redefining \setlength on input line 80.
LaTeX Info: Redefining \addtolength on input line 81.
\calc@Ccount=\count287
\calc@Cskip=\skip58
)
(/home/aitor/.miktex/texmfs/install/tex/latex/eso-pic/eso-pic.sty
Package: eso-pic 2020/10/14 v3.0a eso-pic (RN)
\ESO@tempdima=\dimen181
\ESO@tempdimb=\dimen182
)
\AM@pagewidth=\dimen183
\AM@pageheight=\dimen184
\AM@fboxrule=\dimen185

(/home/aitor/.miktex/texmfs/install/tex/latex/pdfpages/pppdftex.def
File: pppdftex.def 2021/03/06 v0.5t Pdfpages driver for pdfTeX (AM)
)
\pdfpages@includegraphics@status=\count288
\AM@pagebox=\box65
\AM@global@opts=\toks21
\AM@pagecnt=\count289
\AM@toc@title=\toks22
\c@AM@survey=\count290
\AM@templatesizebox=\box66
)
(/home/aitor/.miktex/texmfs/install/tex/latex/base/inputenc.sty
Package: inputenc 2021/02/14 v1.3d Input encoding file
\inpenc@prehook=\toks23
\inpenc@posthook=\toks24
)
(/home/aitor/.miktex/texmfs/install/tex/latex/base/fontenc.sty
Package: fontenc 2021/04/29 v2.0v Standard LaTeX package
)
(/home/aitor/.miktex/texmfs/install/tex/latex/psnfss/mathpazo.sty
Package: mathpazo 2020/03/25 PSNFSS-v9.3 Palatino w/ Pazo Math (D.Puga, WaS) 
\symupright=\mathgroup4
)
(/home/aitor/.miktex/texmfs/install/tex/latex/amsmath/amsmath.sty
Package: amsmath 2021/10/15 v2.17l AMS math features
\@mathmargin=\skip59

For additional information on amsmath, use the `?' option.
(/home/aitor/.miktex/texmfs/install/tex/latex/amsmath/amsbsy.sty
Package: amsbsy 1999/11/29 v1.2d Bold Symbols
\pmbraise@=\dimen186
)
(/home/aitor/.miktex/texmfs/install/tex/latex/amsmath/amsopn.sty
Package: amsopn 2021/08/26 v2.02 operator names
)
\inf@bad=\count291
LaTeX Info: Redefining \frac on input line 234.
\uproot@=\count292
\leftroot@=\count293
LaTeX Info: Redefining \overline on input line 399.
\classnum@=\count294
\DOTSCASE@=\count295
LaTeX Info: Redefining \ldots on input line 496.
LaTeX Info: Redefining \dots on input line 499.
LaTeX Info: Redefining \cdots on input line 620.
\Mathstrutbox@=\box67
\strutbox@=\box68
\big@size=\dimen187
LaTeX Font Info:    Redeclaring font encoding OML on input line 743.
LaTeX Font Info:    Redeclaring font encoding OMS on input line 744.
\macc@depth=\count296
\c@MaxMatrixCols=\count297
\dotsspace@=\muskip16
\c@parentequation=\count298
\dspbrk@lvl=\count299
\tag@help=\toks25
\row@=\count300
\column@=\count301
\maxfields@=\count302
\andhelp@=\toks26
\eqnshift@=\dimen188
\alignsep@=\dimen189
\tagshift@=\dimen190
\tagwidth@=\dimen191
\totwidth@=\dimen192
\lineht@=\dimen193
\@envbody=\toks27
\multlinegap=\skip60
\multlinetaggap=\skip61
\mathdisplay@stack=\toks28
LaTeX Info: Redefining \[ on input line 2938.
LaTeX Info: Redefining \] on input line 2939.
)
(/home/aitor/.miktex/texmfs/install/tex/latex/biblatex/biblatex.sty
Package: biblatex 2020/12/31 v3.16 programmable bibliographies (PK/MW)

(/home/aitor/.miktex/texmfs/install/tex/latex/kvoptions/kvoptions.sty
Package: kvoptions 2020-10-07 v3.14 Key value format for package options (HO)

(/home/aitor/.miktex/texmfs/install/tex/generic/kvsetkeys/kvsetkeys.sty
Package: kvsetkeys 2019/12/15 v1.18 Key value parser (HO)
))
(/home/aitor/.miktex/texmfs/install/tex/latex/logreq/logreq.sty
Package: logreq 2010/08/04 v1.0 xml request logger
\lrq@indent=\count303

(/home/aitor/.miktex/texmfs/install/tex/latex/logreq/logreq.def
File: logreq.def 2010/08/04 v1.0 logreq spec v1.0
))
(/home/aitor/.miktex/texmfs/install/tex/latex/url/url.sty
\Urlmuskip=\muskip17
Package: url 2013/09/16  ver 3.4  Verb mode for urls, etc.
)
\c@tabx@nest=\count304
\c@listtotal=\count305
\c@listcount=\count306
\c@liststart=\count307
\c@liststop=\count308
\c@citecount=\count309
\c@citetotal=\count310
\c@multicitecount=\count311
\c@multicitetotal=\count312
\c@instcount=\count313
\c@maxnames=\count314
\c@minnames=\count315
\c@maxitems=\count316
\c@minitems=\count317
\c@citecounter=\count318
\c@maxcitecounter=\count319
\c@savedcitecounter=\count320
\c@uniquelist=\count321
\c@uniquename=\count322
\c@refsection=\count323
\c@refsegment=\count324
\c@maxextratitle=\count325
\c@maxextratitleyear=\count326
\c@maxextraname=\count327
\c@maxextradate=\count328
\c@maxextraalpha=\count329
\c@abbrvpenalty=\count330
\c@highnamepenalty=\count331
\c@lownamepenalty=\count332
\c@maxparens=\count333
\c@parenlevel=\count334
\blx@tempcnta=\count335
\blx@tempcntb=\count336
\blx@tempcntc=\count337
\blx@maxsection=\count338
\blx@maxsegment@0=\count339
\blx@notetype=\count340
\blx@parenlevel@text=\count341
\blx@parenlevel@foot=\count342
\blx@sectionciteorder@0=\count343
\blx@entrysetcounter=\count344
\blx@biblioinstance=\count345
\labelnumberwidth=\skip62
\labelalphawidth=\skip63
\biblabelsep=\skip64
\bibitemsep=\skip65
\bibnamesep=\skip66
\bibinitsep=\skip67
\bibparsep=\skip68
\bibhang=\skip69
\blx@bcfin=\read3
\blx@bcfout=\write3
\blx@langwohyphens=\language85
\c@mincomprange=\count346
\c@maxcomprange=\count347
\c@mincompwidth=\count348
Package biblatex Info: Trying to load biblatex default data model...
Package biblatex Info: ... file 'blx-dm.def' found.

(/home/aitor/.miktex/texmfs/install/tex/latex/biblatex/blx-dm.def
File: blx-dm.def 2020/12/31 v3.16 biblatex localization (PK/MW)
)
Package biblatex Info: Trying to load biblatex style data model...
Package biblatex Info: ... file 'authoryear.dbx' not found.
Package biblatex Info: Trying to load biblatex custom data model...
Package biblatex Info: ... file 'biblatex-dm.cfg' not found.
\c@afterword=\count349
\c@savedafterword=\count350
\c@annotator=\count351
\c@savedannotator=\count352
\c@author=\count353
\c@savedauthor=\count354
\c@bookauthor=\count355
\c@savedbookauthor=\count356
\c@commentator=\count357
\c@savedcommentator=\count358
\c@editor=\count359
\c@savededitor=\count360
\c@editora=\count361
\c@savededitora=\count362
\c@editorb=\count363
\c@savededitorb=\count364
\c@editorc=\count365
\c@savededitorc=\count366
\c@foreword=\count367
\c@savedforeword=\count368
\c@holder=\count369
\c@savedholder=\count370
\c@introduction=\count371
\c@savedintroduction=\count372
\c@namea=\count373
\c@savednamea=\count374
\c@nameb=\count375
\c@savednameb=\count376
\c@namec=\count377
\c@savednamec=\count378
\c@translator=\count379
\c@savedtranslator=\count380
\c@shortauthor=\count381
\c@savedshortauthor=\count382
\c@shorteditor=\count383
\c@savedshorteditor=\count384
\c@labelname=\count385
\c@savedlabelname=\count386
\c@institution=\count387
\c@savedinstitution=\count388
\c@lista=\count389
\c@savedlista=\count390
\c@listb=\count391
\c@savedlistb=\count392
\c@listc=\count393
\c@savedlistc=\count394
\c@listd=\count395
\c@savedlistd=\count396
\c@liste=\count397
\c@savedliste=\count398
\c@listf=\count399
\c@savedlistf=\count400
\c@location=\count401
\c@savedlocation=\count402
\c@organization=\count403
\c@savedorganization=\count404
\c@origlocation=\count405
\c@savedoriglocation=\count406
\c@origpublisher=\count407
\c@savedorigpublisher=\count408
\c@publisher=\count409
\c@savedpublisher=\count410
\c@language=\count411
\c@savedlanguage=\count412
\c@origlanguage=\count413
\c@savedoriglanguage=\count414
\c@pageref=\count415
\c@savedpageref=\count416
\shorthandwidth=\skip70
\shortjournalwidth=\skip71
\shortserieswidth=\skip72
\shorttitlewidth=\skip73
\shortauthorwidth=\skip74
\shorteditorwidth=\skip75
\locallabelnumberwidth=\skip76
\locallabelalphawidth=\skip77
\localshorthandwidth=\skip78
\localshortjournalwidth=\skip79
\localshortserieswidth=\skip80
\localshorttitlewidth=\skip81
\localshortauthorwidth=\skip82
\localshorteditorwidth=\skip83
Package biblatex Info: Trying to load compatibility code...
Package biblatex Info: ... file 'blx-compat.def' found.

(/home/aitor/.miktex/texmfs/install/tex/latex/biblatex/blx-compat.def
File: blx-compat.def 2020/12/31 v3.16 biblatex compatibility (PK/MW)
)
Package biblatex Info: Trying to load BibTeX backend compatibility...
Package biblatex Info: ... file 'blx-bibtex.def' found.

(/home/aitor/.miktex/texmfs/install/tex/latex/biblatex/blx-bibtex.def
File: blx-bibtex.def 2020/12/31 v3.16 biblatex compatibility (PK/MW)


Package biblatex Warning: Using fall-back BibTeX(8) backend:
(biblatex)                functionality may be reduced/unavailable.

)
Package biblatex Info: Trying to load generic definitions...
Package biblatex Info: ... file 'biblatex.def' found.
 (/home/aitor/.miktex/texmfs/install/tex/latex/biblatex/biblatex.def
File: biblatex.def 2020/12/31 v3.16 biblatex compatibility (PK/MW)
\c@textcitecount=\count417
\c@textcitetotal=\count418
\c@textcitemaxnames=\count419
\c@biburlbigbreakpenalty=\count420
\c@biburlbreakpenalty=\count421
\c@biburlnumpenalty=\count422
\c@biburlucpenalty=\count423
\c@biburllcpenalty=\count424
\biburlbigskip=\muskip18
\biburlnumskip=\muskip19
\biburlucskip=\muskip20
\biburllcskip=\muskip21
\c@smartand=\count425
)
Package biblatex Info: Trying to load natbib compatibility...
Package biblatex Info: ... file 'blx-natbib.def' found.

(/home/aitor/.miktex/texmfs/install/tex/latex/biblatex/blx-natbib.def
File: blx-natbib.def 2020/12/31 v3.16 biblatex compatibility (PK/MW)
Package biblatex Info: Delimiter 'nameyeardelim' in context '' already defined,
 overwriting.
)
Package biblatex Info: Trying to load bibliography style 'authoryear'...
Package biblatex Info: ... file 'authoryear.bbx' found.

(/home/aitor/.miktex/texmfs/install/tex/latex/biblatex/bbx/authoryear.bbx
File: authoryear.bbx 2020/12/31 v3.16 biblatex bibliography style (PK/MW)
Package biblatex Info: Trying to load bibliography style 'standard'...
Package biblatex Info: ... file 'standard.bbx' found.

(/home/aitor/.miktex/texmfs/install/tex/latex/biblatex/bbx/standard.bbx
File: standard.bbx 2020/12/31 v3.16 biblatex bibliography style (PK/MW)
\c@bbx:relatedcount=\count426
\c@bbx:relatedtotal=\count427
))
Package biblatex Info: Trying to load citation style 'authoryear'...
Package biblatex Info: ... file 'authoryear.cbx' found.

(/home/aitor/.miktex/texmfs/install/tex/latex/biblatex/cbx/authoryear.cbx
File: authoryear.cbx 2020/12/31 v3.16 biblatex citation style (PK/MW)
Package biblatex Info: Redefining '\cite'.
Package biblatex Info: Redefining '\parencite'.
Package biblatex Info: Redefining '\footcite'.
Package biblatex Info: Redefining '\footcitetext'.
Package biblatex Info: Redefining '\smartcite'.
Package biblatex Info: Redefining '\textcite'.
Package biblatex Info: Redefining '\textcites'.
)
Package biblatex Info: Trying to load configuration file...
Package biblatex Info: ... file 'biblatex.cfg' found.

(/home/aitor/.miktex/texmfs/install/tex/latex/biblatex/biblatex.cfg
File: biblatex.cfg 
))
(/home/aitor/.miktex/texmfs/install/tex/latex/caption/subcaption.sty
Package: subcaption 2020/10/07 v1.3j Sub-captions (AR)
\c@subfigure=\count428
\c@subtable=\count429
)
(/home/aitor/.miktex/texmfs/install/tex/latex/pgf/frontendlayer/tikz.sty
(/home/aitor/.miktex/texmfs/install/tex/latex/pgf/basiclayer/pgf.sty
(/home/aitor/.miktex/texmfs/install/tex/latex/pgf/utilities/pgfrcs.sty
(/home/aitor/.miktex/texmfs/install/tex/generic/pgf/utilities/pgfutil-common.te
x
\pgfutil@everybye=\toks29
\pgfutil@tempdima=\dimen194
\pgfutil@tempdimb=\dimen195

(/home/aitor/.miktex/texmfs/install/tex/generic/pgf/utilities/pgfutil-common-li
sts.tex))
(/home/aitor/.miktex/texmfs/install/tex/generic/pgf/utilities/pgfutil-latex.def
\pgfutil@abb=\box69
) (/home/aitor/.miktex/texmfs/install/tex/generic/pgf/utilities/pgfrcs.code.tex
(/home/aitor/.miktex/texmfs/install/tex/generic/pgf/pgf.revision.tex)
Package: pgfrcs 2021/05/15 v3.1.9a (3.1.9a)
))
Package: pgf 2021/05/15 v3.1.9a (3.1.9a)

(/home/aitor/.miktex/texmfs/install/tex/latex/pgf/basiclayer/pgfcore.sty
(/home/aitor/.miktex/texmfs/install/tex/latex/pgf/systemlayer/pgfsys.sty
(/home/aitor/.miktex/texmfs/install/tex/generic/pgf/systemlayer/pgfsys.code.tex
Package: pgfsys 2021/05/15 v3.1.9a (3.1.9a)
(/home/aitor/.miktex/texmfs/install/tex/generic/pgf/utilities/pgfkeys.code.tex
\pgfkeys@pathtoks=\toks30
\pgfkeys@temptoks=\toks31

(/home/aitor/.miktex/texmfs/install/tex/generic/pgf/utilities/pgfkeysfiltered.c
ode.tex
\pgfkeys@tmptoks=\toks32
))
\pgf@x=\dimen196
\pgf@y=\dimen197
\pgf@xa=\dimen198
\pgf@ya=\dimen199
\pgf@xb=\dimen256
\pgf@yb=\dimen257
\pgf@xc=\dimen258
\pgf@yc=\dimen259
\pgf@xd=\dimen260
\pgf@yd=\dimen261
\w@pgf@writea=\write4
\r@pgf@reada=\read4
\c@pgf@counta=\count430
\c@pgf@countb=\count431
\c@pgf@countc=\count432
\c@pgf@countd=\count433
\t@pgf@toka=\toks33
\t@pgf@tokb=\toks34
\t@pgf@tokc=\toks35
\pgf@sys@id@count=\count434

(/home/aitor/.miktex/texmfs/install/tex/generic/pgf/systemlayer/pgf.cfg
File: pgf.cfg 2021/05/15 v3.1.9a (3.1.9a)
)
Driver file for pgf: pgfsys-pdftex.def

(/home/aitor/.miktex/texmfs/install/tex/generic/pgf/systemlayer/pgfsys-pdftex.d
ef
File: pgfsys-pdftex.def 2021/05/15 v3.1.9a (3.1.9a)

(/home/aitor/.miktex/texmfs/install/tex/generic/pgf/systemlayer/pgfsys-common-p
df.def
File: pgfsys-common-pdf.def 2021/05/15 v3.1.9a (3.1.9a)
)))
(/home/aitor/.miktex/texmfs/install/tex/generic/pgf/systemlayer/pgfsyssoftpath.
code.tex
File: pgfsyssoftpath.code.tex 2021/05/15 v3.1.9a (3.1.9a)
\pgfsyssoftpath@smallbuffer@items=\count435
\pgfsyssoftpath@bigbuffer@items=\count436
)
(/home/aitor/.miktex/texmfs/install/tex/generic/pgf/systemlayer/pgfsysprotocol.
code.tex
File: pgfsysprotocol.code.tex 2021/05/15 v3.1.9a (3.1.9a)
))
(/home/aitor/.miktex/texmfs/install/tex/generic/pgf/basiclayer/pgfcore.code.tex
Package: pgfcore 2021/05/15 v3.1.9a (3.1.9a)
(/home/aitor/.miktex/texmfs/install/tex/generic/pgf/math/pgfmath.code.tex
(/home/aitor/.miktex/texmfs/install/tex/generic/pgf/math/pgfmathcalc.code.tex
(/home/aitor/.miktex/texmfs/install/tex/generic/pgf/math/pgfmathutil.code.tex)
(/home/aitor/.miktex/texmfs/install/tex/generic/pgf/math/pgfmathparser.code.tex
\pgfmath@dimen=\dimen262
\pgfmath@count=\count437
\pgfmath@box=\box70
\pgfmath@toks=\toks36
\pgfmath@stack@operand=\toks37
\pgfmath@stack@operation=\toks38
)
(/home/aitor/.miktex/texmfs/install/tex/generic/pgf/math/pgfmathfunctions.code.
tex
(/home/aitor/.miktex/texmfs/install/tex/generic/pgf/math/pgfmathfunctions.basic
.code.tex)
(/home/aitor/.miktex/texmfs/install/tex/generic/pgf/math/pgfmathfunctions.trigo
nometric.code.tex)
(/home/aitor/.miktex/texmfs/install/tex/generic/pgf/math/pgfmathfunctions.rando
m.code.tex)
(/home/aitor/.miktex/texmfs/install/tex/generic/pgf/math/pgfmathfunctions.compa
rison.code.tex)
(/home/aitor/.miktex/texmfs/install/tex/generic/pgf/math/pgfmathfunctions.base.
code.tex)
(/home/aitor/.miktex/texmfs/install/tex/generic/pgf/math/pgfmathfunctions.round
.code.tex)
(/home/aitor/.miktex/texmfs/install/tex/generic/pgf/math/pgfmathfunctions.misc.
code.tex)
(/home/aitor/.miktex/texmfs/install/tex/generic/pgf/math/pgfmathfunctions.integ
erarithmetics.code.tex)))
(/home/aitor/.miktex/texmfs/install/tex/generic/pgf/math/pgfmathfloat.code.tex
\c@pgfmathroundto@lastzeros=\count438
)) (/home/aitor/.miktex/texmfs/install/tex/generic/pgf/math/pgfint.code.tex)
(/home/aitor/.miktex/texmfs/install/tex/generic/pgf/basiclayer/pgfcorepoints.co
de.tex
File: pgfcorepoints.code.tex 2021/05/15 v3.1.9a (3.1.9a)
\pgf@picminx=\dimen263
\pgf@picmaxx=\dimen264
\pgf@picminy=\dimen265
\pgf@picmaxy=\dimen266
\pgf@pathminx=\dimen267
\pgf@pathmaxx=\dimen268
\pgf@pathminy=\dimen269
\pgf@pathmaxy=\dimen270
\pgf@xx=\dimen271
\pgf@xy=\dimen272
\pgf@yx=\dimen273
\pgf@yy=\dimen274
\pgf@zx=\dimen275
\pgf@zy=\dimen276
)
(/home/aitor/.miktex/texmfs/install/tex/generic/pgf/basiclayer/pgfcorepathconst
ruct.code.tex
File: pgfcorepathconstruct.code.tex 2021/05/15 v3.1.9a (3.1.9a)
\pgf@path@lastx=\dimen277
\pgf@path@lasty=\dimen278
)
(/home/aitor/.miktex/texmfs/install/tex/generic/pgf/basiclayer/pgfcorepathusage
.code.tex
File: pgfcorepathusage.code.tex 2021/05/15 v3.1.9a (3.1.9a)
\pgf@shorten@end@additional=\dimen279
\pgf@shorten@start@additional=\dimen280
)
(/home/aitor/.miktex/texmfs/install/tex/generic/pgf/basiclayer/pgfcorescopes.co
de.tex
File: pgfcorescopes.code.tex 2021/05/15 v3.1.9a (3.1.9a)
\pgfpic=\box71
\pgf@hbox=\box72
\pgf@layerbox@main=\box73
\pgf@picture@serial@count=\count439
)
(/home/aitor/.miktex/texmfs/install/tex/generic/pgf/basiclayer/pgfcoregraphicst
ate.code.tex
File: pgfcoregraphicstate.code.tex 2021/05/15 v3.1.9a (3.1.9a)
\pgflinewidth=\dimen281
)
(/home/aitor/.miktex/texmfs/install/tex/generic/pgf/basiclayer/pgfcoretransform
ations.code.tex
File: pgfcoretransformations.code.tex 2021/05/15 v3.1.9a (3.1.9a)
\pgf@pt@x=\dimen282
\pgf@pt@y=\dimen283
\pgf@pt@temp=\dimen284
)
(/home/aitor/.miktex/texmfs/install/tex/generic/pgf/basiclayer/pgfcorequick.cod
e.tex
File: pgfcorequick.code.tex 2021/05/15 v3.1.9a (3.1.9a)
)
(/home/aitor/.miktex/texmfs/install/tex/generic/pgf/basiclayer/pgfcoreobjects.c
ode.tex
File: pgfcoreobjects.code.tex 2021/05/15 v3.1.9a (3.1.9a)
)
(/home/aitor/.miktex/texmfs/install/tex/generic/pgf/basiclayer/pgfcorepathproce
ssing.code.tex
File: pgfcorepathprocessing.code.tex 2021/05/15 v3.1.9a (3.1.9a)
)
(/home/aitor/.miktex/texmfs/install/tex/generic/pgf/basiclayer/pgfcorearrows.co
de.tex
File: pgfcorearrows.code.tex 2021/05/15 v3.1.9a (3.1.9a)
\pgfarrowsep=\dimen285
)
(/home/aitor/.miktex/texmfs/install/tex/generic/pgf/basiclayer/pgfcoreshade.cod
e.tex
File: pgfcoreshade.code.tex 2021/05/15 v3.1.9a (3.1.9a)
\pgf@max=\dimen286
\pgf@sys@shading@range@num=\count440
\pgf@shadingcount=\count441
)
(/home/aitor/.miktex/texmfs/install/tex/generic/pgf/basiclayer/pgfcoreimage.cod
e.tex
File: pgfcoreimage.code.tex 2021/05/15 v3.1.9a (3.1.9a)

(/home/aitor/.miktex/texmfs/install/tex/generic/pgf/basiclayer/pgfcoreexternal.
code.tex
File: pgfcoreexternal.code.tex 2021/05/15 v3.1.9a (3.1.9a)
\pgfexternal@startupbox=\box74
))
(/home/aitor/.miktex/texmfs/install/tex/generic/pgf/basiclayer/pgfcorelayers.co
de.tex
File: pgfcorelayers.code.tex 2021/05/15 v3.1.9a (3.1.9a)
)
(/home/aitor/.miktex/texmfs/install/tex/generic/pgf/basiclayer/pgfcoretranspare
ncy.code.tex
File: pgfcoretransparency.code.tex 2021/05/15 v3.1.9a (3.1.9a)
)
(/home/aitor/.miktex/texmfs/install/tex/generic/pgf/basiclayer/pgfcorepatterns.
code.tex
File: pgfcorepatterns.code.tex 2021/05/15 v3.1.9a (3.1.9a)
)
(/home/aitor/.miktex/texmfs/install/tex/generic/pgf/basiclayer/pgfcorerdf.code.
tex
File: pgfcorerdf.code.tex 2021/05/15 v3.1.9a (3.1.9a)
)))
(/home/aitor/.miktex/texmfs/install/tex/generic/pgf/modules/pgfmoduleshapes.cod
e.tex
File: pgfmoduleshapes.code.tex 2021/05/15 v3.1.9a (3.1.9a)
\pgfnodeparttextbox=\box75
)
(/home/aitor/.miktex/texmfs/install/tex/generic/pgf/modules/pgfmoduleplot.code.
tex
File: pgfmoduleplot.code.tex 2021/05/15 v3.1.9a (3.1.9a)
)
(/home/aitor/.miktex/texmfs/install/tex/latex/pgf/compatibility/pgfcomp-version
-0-65.sty
Package: pgfcomp-version-0-65 2021/05/15 v3.1.9a (3.1.9a)
\pgf@nodesepstart=\dimen287
\pgf@nodesepend=\dimen288
)
(/home/aitor/.miktex/texmfs/install/tex/latex/pgf/compatibility/pgfcomp-version
-1-18.sty
Package: pgfcomp-version-1-18 2021/05/15 v3.1.9a (3.1.9a)
))
(/home/aitor/.miktex/texmfs/install/tex/latex/pgf/utilities/pgffor.sty
(/home/aitor/.miktex/texmfs/install/tex/latex/pgf/utilities/pgfkeys.sty
(/home/aitor/.miktex/texmfs/install/tex/generic/pgf/utilities/pgfkeys.code.tex)
) (/home/aitor/.miktex/texmfs/install/tex/latex/pgf/math/pgfmath.sty
(/home/aitor/.miktex/texmfs/install/tex/generic/pgf/math/pgfmath.code.tex))
(/home/aitor/.miktex/texmfs/install/tex/generic/pgf/utilities/pgffor.code.tex
Package: pgffor 2021/05/15 v3.1.9a (3.1.9a)

(/home/aitor/.miktex/texmfs/install/tex/generic/pgf/math/pgfmath.code.tex)
\pgffor@iter=\dimen289
\pgffor@skip=\dimen290
\pgffor@stack=\toks39
\pgffor@toks=\toks40
))
(/home/aitor/.miktex/texmfs/install/tex/generic/pgf/frontendlayer/tikz/tikz.cod
e.tex
Package: tikz 2021/05/15 v3.1.9a (3.1.9a)

(/home/aitor/.miktex/texmfs/install/tex/generic/pgf/libraries/pgflibraryplothan
dlers.code.tex
File: pgflibraryplothandlers.code.tex 2021/05/15 v3.1.9a (3.1.9a)
\pgf@plot@mark@count=\count442
\pgfplotmarksize=\dimen291
)
\tikz@lastx=\dimen292
\tikz@lasty=\dimen293
\tikz@lastxsaved=\dimen294
\tikz@lastysaved=\dimen295
\tikz@lastmovetox=\dimen296
\tikz@lastmovetoy=\dimen297
\tikzleveldistance=\dimen298
\tikzsiblingdistance=\dimen299
\tikz@figbox=\box76
\tikz@figbox@bg=\box77
\tikz@tempbox=\box78
\tikz@tempbox@bg=\box79
\tikztreelevel=\count443
\tikznumberofchildren=\count444
\tikznumberofcurrentchild=\count445
\tikz@fig@count=\count446

(/home/aitor/.miktex/texmfs/install/tex/generic/pgf/modules/pgfmodulematrix.cod
e.tex
File: pgfmodulematrix.code.tex 2021/05/15 v3.1.9a (3.1.9a)
\pgfmatrixcurrentrow=\count447
\pgfmatrixcurrentcolumn=\count448
\pgf@matrix@numberofcolumns=\count449
)
\tikz@expandcount=\count450

(/home/aitor/.miktex/texmfs/install/tex/generic/pgf/frontendlayer/tikz/librarie
s/tikzlibrarytopaths.code.tex
File: tikzlibrarytopaths.code.tex 2021/05/15 v3.1.9a (3.1.9a)
)))
(/home/aitor/.miktex/texmfs/install/tex/generic/pgf/frontendlayer/tikz/librarie
s/tikzlibraryshapes.code.tex
File: tikzlibraryshapes.code.tex 2021/05/15 v3.1.9a (3.1.9a)

(/home/aitor/.miktex/texmfs/install/tex/generic/pgf/frontendlayer/tikz/librarie
s/tikzlibraryshapes.geometric.code.tex
File: tikzlibraryshapes.geometric.code.tex 2021/05/15 v3.1.9a (3.1.9a)

(/home/aitor/.miktex/texmfs/install/tex/generic/pgf/libraries/shapes/pgflibrary
shapes.geometric.code.tex
File: pgflibraryshapes.geometric.code.tex 2021/05/15 v3.1.9a (3.1.9a)
))
(/home/aitor/.miktex/texmfs/install/tex/generic/pgf/frontendlayer/tikz/librarie
s/tikzlibraryshapes.misc.code.tex
File: tikzlibraryshapes.misc.code.tex 2021/05/15 v3.1.9a (3.1.9a)

(/home/aitor/.miktex/texmfs/install/tex/generic/pgf/libraries/shapes/pgflibrary
shapes.misc.code.tex
File: pgflibraryshapes.misc.code.tex 2021/05/15 v3.1.9a (3.1.9a)
))
(/home/aitor/.miktex/texmfs/install/tex/generic/pgf/frontendlayer/tikz/librarie
s/tikzlibraryshapes.symbols.code.tex
File: tikzlibraryshapes.symbols.code.tex 2021/05/15 v3.1.9a (3.1.9a)

(/home/aitor/.miktex/texmfs/install/tex/generic/pgf/libraries/shapes/pgflibrary
shapes.symbols.code.tex
File: pgflibraryshapes.symbols.code.tex 2021/05/15 v3.1.9a (3.1.9a)
))
(/home/aitor/.miktex/texmfs/install/tex/generic/pgf/frontendlayer/tikz/librarie
s/tikzlibraryshapes.arrows.code.tex
File: tikzlibraryshapes.arrows.code.tex 2021/05/15 v3.1.9a (3.1.9a)

(/home/aitor/.miktex/texmfs/install/tex/generic/pgf/libraries/shapes/pgflibrary
shapes.arrows.code.tex
File: pgflibraryshapes.arrows.code.tex 2021/05/15 v3.1.9a (3.1.9a)
))
(/home/aitor/.miktex/texmfs/install/tex/generic/pgf/frontendlayer/tikz/librarie
s/tikzlibraryshapes.callouts.code.tex
(/home/aitor/.miktex/texmfs/install/tex/generic/pgf/libraries/shapes/pgflibrary
shapes.callouts.code.tex))
(/home/aitor/.miktex/texmfs/install/tex/generic/pgf/frontendlayer/tikz/librarie
s/tikzlibraryshapes.multipart.code.tex
File: tikzlibraryshapes.multipart.code.tex 2021/05/15 v3.1.9a (3.1.9a)

(/home/aitor/.miktex/texmfs/install/tex/generic/pgf/libraries/shapes/pgflibrary
shapes.multipart.code.tex
File: pgflibraryshapes.multipart.code.tex 2021/05/15 v3.1.9a (3.1.9a)
\pgfnodepartlowerbox=\box80
\pgfnodeparttwobox=\box81
\pgfnodepartthreebox=\box82
\pgfnodepartfourbox=\box83
\pgfnodeparttwentybox=\box84
\pgfnodepartnineteenbox=\box85
\pgfnodeparteighteenbox=\box86
\pgfnodepartseventeenbox=\box87
\pgfnodepartsixteenbox=\box88
\pgfnodepartfifteenbox=\box89
\pgfnodepartfourteenbox=\box90
\pgfnodepartthirteenbox=\box91
\pgfnodeparttwelvebox=\box92
\pgfnodepartelevenbox=\box93
\pgfnodeparttenbox=\box94
\pgfnodepartninebox=\box95
\pgfnodeparteightbox=\box96
\pgfnodepartsevenbox=\box97
\pgfnodepartsixbox=\box98
\pgfnodepartfivebox=\box99
)))
(/home/aitor/.miktex/texmfs/install/tex/generic/pgf/frontendlayer/tikz/librarie
s/tikzlibraryarrows.code.tex
File: tikzlibraryarrows.code.tex 2021/05/15 v3.1.9a (3.1.9a)

(/home/aitor/.miktex/texmfs/install/tex/generic/pgf/libraries/pgflibraryarrows.
code.tex
File: pgflibraryarrows.code.tex 2021/05/15 v3.1.9a (3.1.9a)
\arrowsize=\dimen300
))
(/home/aitor/.miktex/texmfs/install/tex/generic/pgf/frontendlayer/tikz/librarie
s/tikzlibrarypositioning.code.tex
File: tikzlibrarypositioning.code.tex 2021/05/15 v3.1.9a (3.1.9a)
)
(/home/aitor/.miktex/texmfs/install/tex/latex/listings/listings.sty
\lst@mode=\count451
\lst@gtempboxa=\box100
\lst@token=\toks41
\lst@length=\count452
\lst@currlwidth=\dimen301
\lst@column=\count453
\lst@pos=\count454
\lst@lostspace=\dimen302
\lst@width=\dimen303
\lst@newlines=\count455
\lst@lineno=\count456
\lst@maxwidth=\dimen304

(/home/aitor/.miktex/texmfs/install/tex/latex/listings/lstmisc.sty
File: lstmisc.sty 2020/03/24 1.8d (Carsten Heinz)
\c@lstnumber=\count457
\lst@skipnumbers=\count458
\lst@framebox=\box101
)
(/home/aitor/.miktex/texmfs/install/tex/latex/listings/listings.cfg
File: listings.cfg 2020/03/24 1.8d listings configuration
))
Package scrhack Info: loading listings hack on input line 53.

(/home/aitor/.miktex/texmfs/install/tex/latex/koma-script/listings.hak
File: listings.hak 2021/11/13 v3.35 KOMA-Script scrhack part (hacking package l
istings)

(/home/aitor/.miktex/texmfs/install/tex/latex/koma-script/tocbasic.sty
Package: tocbasic 2021/11/13 v3.35 KOMA-Scriptpackage(handling toc-files)
\scr@dte@tocline@numberwidth=\skip84
\scr@dte@tocline@numbox=\box102
)
Package tocbasic Info: setting babel extension for `lol' on input line 143.
Package scrhack Info: redefining \lstlistoflistings on input line 143.
)
Package: listings 2020/03/24 1.8d (Carsten Heinz)

(/home/aitor/.miktex/texmfs/install/tex/latex/forest/forest.sty
Package: forest 2017/07/14 v2.1.5 Drawing (linguistic) trees

(/home/aitor/.miktex/texmfs/install/tex/generic/pgf/frontendlayer/tikz/librarie
s/tikzlibraryfit.code.tex
File: tikzlibraryfit.code.tex 2021/05/15 v3.1.9a (3.1.9a)
)
(/home/aitor/.miktex/texmfs/install/tex/generic/pgf/frontendlayer/tikz/librarie
s/tikzlibrarycalc.code.tex
File: tikzlibrarycalc.code.tex 2021/05/15 v3.1.9a (3.1.9a)
)
(/home/aitor/.miktex/texmfs/install/tex/generic/pgf/libraries/pgflibraryinterse
ctions.code.tex
(/home/aitor/.miktex/texmfs/install/tex/generic/pgf/libraries/pgflibraryfpu.cod
e.tex)
\pgf@intersect@solutions=\count459
) (/home/aitor/.miktex/texmfs/install/tex/latex/pgfopts/pgfopts.sty
Package: pgfopts 2014/07/10 v2.1a LaTeX package options with pgfkeys
\pgfopts@list@add@a@toks=\toks42
\pgfopts@list@add@b@toks=\toks43
)
(/home/aitor/.miktex/texmfs/install/tex/latex/elocalloc/elocalloc.sty
Package: elocalloc 2016/12/15 v0.03 local allocation for LaTeX 2015+ (DPC)
)
(/home/aitor/.miktex/texmfs/install/tex/latex/environ/environ.sty
Package: environ 2014/05/04 v0.3 A new way to define environments

(/home/aitor/.miktex/texmfs/install/tex/latex/trimspaces/trimspaces.sty
Package: trimspaces 2009/09/17 v1.1 Trim spaces around a token list
))
(/home/aitor/.miktex/texmfs/install/tex/latex/inlinedef/inlinedef.sty
Package: inlinedef 2008/07/10 v1.0 Inlined expansions within definitions
\ID@toks=\toks44
\ID@count=\count460
)
\ID@usercommands=\toks45
\safeloop@depth=\count461
\safeRKloop@depth=\count462
\forest@temp@dimen=\dimen305
\forest@temp@count=\count463
\forest@n=\count464
\forest@temp@global@count=\count465
\forest@temp@toks=\toks46
\forest@temparray@M=\count466
\forest@temparray@N=\count467
\forest@global@temparray@M=\count468
\forest@global@temparray@N=\count469
\forest@isnum@count=\count470
\forest@isdim@nonintpart=\count471
\forest@isdim@dimen=\dimen306
\forest@sort@m=\count472
\forest@sort@k=\count473
\forest@sort@p=\count474
\bracket@content=\toks47
\bracket@afterthought=\toks48
\forest@node@maxid=\count475
\forest@process@left@M=\count476
\forest@process@left@N=\count477
\forest@process@right@M=\count478
\forest@process@right@N=\count479
\forest@process@saved@M=\count480
\forest@process@saved@N=\count481
\forest@process@result@M=\count482
\forest@process@result@N=\count483
\forest@process@n=\count484
\forest@nodewalk@branch@toks=\toks49
\forest@nodewalk@shortsteps@resolution=\toks50
\forest@do@dynamics=\toks51
\forest@box=\box103
\forest@xg=\dimen307
\forest@yg=\dimen308
\forest@xs=\dimen309
\forest@ys=\dimen310
\forest@pi@toks=\toks52
\forest@segment@toks=\toks53
\forest@PIi@toks=\toks54
\forest@PIii@toks=\toks55
\forest@copy@in=\read5
\forest@copy@out=\write5
\forest@externalize@max@outer@n=\count485
\forest@externalize@inner@n=\count486
)
(/home/aitor/.miktex/texmfs/install/tex/latex/tools/indentfirst.sty
Package: indentfirst 1995/11/23 v1.03 Indent first paragraph (DPC)
)
(/home/aitor/.miktex/texmfs/install/tex/latex/csquotes/csquotes.sty
Package: csquotes 2021-02-22 v5.2l context-sensitive quotations (JAW)
\csq@reset=\count487
\csq@gtype=\count488
\csq@glevel=\count489
\csq@qlevel=\count490
\csq@maxlvl=\count491
\csq@tshold=\count492
\csq@ltx@everypar=\toks56

(/home/aitor/.miktex/texmfs/install/tex/latex/csquotes/csquotes.def
File: csquotes.def 2021-02-22 v5.2l csquotes generic definitions (JAW)
)
Package csquotes Info: Trying to load configuration file 'csquotes.cfg'...
Package csquotes Info: ... configuration file loaded successfully.

(/home/aitor/.miktex/texmfs/install/tex/latex/csquotes/csquotes.cfg
File: csquotes.cfg 
)
Package csquotes Info: Enabling multilingual quotes.
)
(/home/aitor/.miktex/texmfs/install/tex/latex/hyperref/hyperref.sty
Package: hyperref 2021-06-07 v7.00m Hypertext links for LaTeX

(/home/aitor/.miktex/texmfs/install/tex/generic/kvdefinekeys/kvdefinekeys.sty
Package: kvdefinekeys 2019-12-19 v1.6 Define keys (HO)
)
(/home/aitor/.miktex/texmfs/install/tex/generic/pdfescape/pdfescape.sty
Package: pdfescape 2019/12/09 v1.15 Implements pdfTeX's escape features (HO)
)
(/home/aitor/.miktex/texmfs/install/tex/latex/hycolor/hycolor.sty
Package: hycolor 2020-01-27 v1.10 Color options for hyperref/bookmark (HO)
)
(/home/aitor/.miktex/texmfs/install/tex/latex/letltxmacro/letltxmacro.sty
Package: letltxmacro 2019/12/03 v1.6 Let assignment for LaTeX macros (HO)
)
(/home/aitor/.miktex/texmfs/install/tex/latex/auxhook/auxhook.sty
Package: auxhook 2019-12-17 v1.6 Hooks for auxiliary files (HO)
)
\@linkdim=\dimen311
\Hy@linkcounter=\count493
\Hy@pagecounter=\count494

(/home/aitor/.miktex/texmfs/install/tex/latex/hyperref/pd1enc.def
File: pd1enc.def 2021-06-07 v7.00m Hyperref: PDFDocEncoding definition (HO)
Now handling font encoding PD1 ...
... no UTF-8 mapping file for font encoding PD1
)
(/home/aitor/.miktex/texmfs/install/tex/latex/hyperref/hyperref-langpatches.def
File: hyperref-langpatches.def 2021-06-07 v7.00m Hyperref: patches for babel la
nguages
) (/home/aitor/.miktex/texmfs/install/tex/generic/intcalc/intcalc.sty
Package: intcalc 2019/12/15 v1.3 Expandable calculations with integers (HO)
)
(/home/aitor/.miktex/texmfs/install/tex/generic/etexcmds/etexcmds.sty
Package: etexcmds 2019/12/15 v1.7 Avoid name clashes with e-TeX commands (HO)
)
\Hy@SavedSpaceFactor=\count495

(/home/aitor/.miktex/texmfs/install/tex/latex/hyperref/puenc.def
File: puenc.def 2021-06-07 v7.00m Hyperref: PDF Unicode definition (HO)
Now handling font encoding PU ...
... no UTF-8 mapping file for font encoding PU
)
Package hyperref Info: Hyper figures OFF on input line 4192.
Package hyperref Info: Link nesting OFF on input line 4197.
Package hyperref Info: Hyper index ON on input line 4200.
Package hyperref Info: Plain pages OFF on input line 4207.
Package hyperref Info: Backreferencing OFF on input line 4212.
Package hyperref Info: Implicit mode ON; LaTeX internals redefined.
Package hyperref Info: Bookmarks ON on input line 4445.
\c@Hy@tempcnt=\count496
LaTeX Info: Redefining \url on input line 4804.
\XeTeXLinkMargin=\dimen312

(/home/aitor/.miktex/texmfs/install/tex/generic/bitset/bitset.sty
Package: bitset 2019/12/09 v1.3 Handle bit-vector datatype (HO)

(/home/aitor/.miktex/texmfs/install/tex/generic/bigintcalc/bigintcalc.sty
Package: bigintcalc 2019/12/15 v1.5 Expandable calculations on big integers (HO
)
))
\Fld@menulength=\count497
\Field@Width=\dimen313
\Fld@charsize=\dimen314
Package hyperref Info: Hyper figures OFF on input line 6076.
Package hyperref Info: Link nesting OFF on input line 6081.
Package hyperref Info: Hyper index ON on input line 6084.
Package hyperref Info: backreferencing OFF on input line 6091.
Package hyperref Info: Link coloring OFF on input line 6096.
Package hyperref Info: Link coloring with OCG OFF on input line 6101.
Package hyperref Info: PDF/A mode OFF on input line 6106.
LaTeX Info: Redefining \ref on input line 6146.
LaTeX Info: Redefining \pageref on input line 6150.

(/home/aitor/.miktex/texmfs/install/tex/latex/base/atbegshi-ltx.sty
Package: atbegshi-ltx 2021/01/10 v1.0c Emulation of the original atbegshi
package with kernel methods
)
\Hy@abspage=\count498
\c@Item=\count499
\c@Hfootnote=\count500
)
Package scrhack Info: hyperref hack deactivated because of
(scrhack)             detection of hyperref version, that doesn't
(scrhack)             need that hack, on input line 97.
Package hyperref Info: Driver (autodetected): hpdftex.

(/home/aitor/.miktex/texmfs/install/tex/latex/hyperref/hpdftex.def
File: hpdftex.def 2021-06-07 v7.00m Hyperref driver for pdfTeX

(/home/aitor/.miktex/texmfs/install/tex/latex/base/atveryend-ltx.sty
Package: atveryend-ltx 2020/08/19 v1.0a Emulation of the original atveryend pac
kage
with kernel methods
)
\Fld@listcount=\count501
\c@bookmark@seq@number=\count502

(/home/aitor/.miktex/texmfs/install/tex/latex/rerunfilecheck/rerunfilecheck.sty
Package: rerunfilecheck 2019/12/05 v1.9 Rerun checks for auxiliary files (HO)

(/home/aitor/.miktex/texmfs/install/tex/generic/uniquecounter/uniquecounter.sty
Package: uniquecounter 2019/12/15 v1.4 Provide unlimited unique counter (HO)
)
Package uniquecounter Info: New unique counter `rerunfilecheck' on input line 2
86.
)
\Hy@SectionHShift=\skip85
)
Package hyperref Info: Option `bookmarksopen' set `true' on input line 97.
Package hyperref Info: Option `hypertexnames' set `false' on input line 97.
Package hyperref Info: Option `colorlinks' set `true' on input line 97.
Package hyperref Info: Option `unicode' set `true' on input line 97.
Package hyperref Info: Option `breaklinks' set `true' on input line 97.
Package csquotes Info: Checking for multilingual support...
Package csquotes Info: ... found 'babel' package.
LaTeX Font Info:    Trying to load font information for T1+ppl on input line 97
.
 (/home/aitor/.miktex/texmfs/install/tex/latex/psnfss/t1ppl.fd
File: t1ppl.fd 2001/06/04 font definitions for T1/ppl.
) (main.aux
(Chapters/Chapter1.aux) (Chapters/Chapter2.aux) (Chapters/Chapter3.aux

LaTeX Warning: Label `3.9' multiply defined.


LaTeX Warning: Label `fig:waterProperties' multiply defined.


LaTeX Warning: Label `fig:waterProperties' multiply defined.


LaTeX Warning: Label `fig:boat3' multiply defined.


LaTeX Warning: Label `fig:boat4' multiply defined.


LaTeX Warning: Label `fig:boat5' multiply defined.


LaTeX Warning: Label `3.5' multiply defined.

) (Chapters/Chapter4.aux) (Chapters/Chapter5.aux) (Chapters/Chapter6.aux)
(Appendices/AppendixA.aux) (example.bib.aux))
\openout1 = `main.aux'.

LaTeX Font Info:    Checking defaults for OML/cmm/m/it on input line 97.
LaTeX Font Info:    ... okay on input line 97.
LaTeX Font Info:    Checking defaults for OMS/cmsy/m/n on input line 97.
LaTeX Font Info:    ... okay on input line 97.
LaTeX Font Info:    Checking defaults for OT1/cmr/m/n on input line 97.
LaTeX Font Info:    ... okay on input line 97.
LaTeX Font Info:    Checking defaults for T1/cmr/m/n on input line 97.
LaTeX Font Info:    ... okay on input line 97.
LaTeX Font Info:    Checking defaults for TS1/cmr/m/n on input line 97.
LaTeX Font Info:    ... okay on input line 97.
LaTeX Font Info:    Checking defaults for OMX/cmex/m/n on input line 97.
LaTeX Font Info:    ... okay on input line 97.
LaTeX Font Info:    Checking defaults for U/cmr/m/n on input line 97.
LaTeX Font Info:    ... okay on input line 97.
LaTeX Font Info:    Checking defaults for PD1/pdf/m/n on input line 97.
LaTeX Font Info:    ... okay on input line 97.
LaTeX Font Info:    Checking defaults for PU/pdf/m/n on input line 97.
LaTeX Font Info:    ... okay on input line 97.


LaTeX hooks Warning: Generic hook
(hooks)              'file/after/translations-basic-dictionary-english.trsl'
(hooks)              is deprecated.
(hooks)              Use hook
(hooks)              'file/translations-basic-dictionary-english.trsl/after'
(hooks)              instead.


(/home/aitor/.miktex/texmfs/install/tex/latex/translations/dicts/translations-b
asic-dictionary-english.trsl
File: translations-basic-dictionary-english.trsl (english translation file `tra
nslations-basic-dictionary')
)
Package translations Info: loading dictionary `translations-basic-dictionary' f
or `english'. on input line 97.

(/home/aitor/.miktex/texmfs/install/tex/context/base/mkii/supp-pdf.mkii
[Loading MPS to PDF converter (version 2006.09.02).]
\scratchcounter=\count503
\scratchdimen=\dimen315
\scratchbox=\box104
\nofMPsegments=\count504
\nofMParguments=\count505
\everyMPshowfont=\toks57
\MPscratchCnt=\count506
\MPscratchDim=\dimen316
\MPnumerator=\count507
\makeMPintoPDFobject=\count508
\everyMPtoPDFconversion=\toks58
) (/home/aitor/.miktex/texmfs/install/tex/latex/epstopdf-pkg/epstopdf-base.sty
Package: epstopdf-base 2020-01-24 v2.11 Base part for package epstopdf
Package epstopdf-base Info: Redefining graphics rule for `.eps' on input line 4
85.

(/home/aitor/.miktex/texmfs/install/tex/latex/00miktex/epstopdf-sys.cfg
File: epstopdf-sys.cfg 2021/03/18 v2.0 Configuration of epstopdf for MiKTeX
))
Package caption Info: Begin \AtBeginDocument code.
Package caption Info: hyperref package is loaded.
Package caption Info: listings package is loaded.
Package caption Info: End \AtBeginDocument code.

*geometry* driver: auto-detecting
*geometry* detected driver: pdftex
*geometry* verbose mode - [ preamble ] result:
* driver: pdftex
* paper: a4paper
* layout: <same size as paper>
* layoutoffset:(h,v)=(0.0pt,0.0pt)
* bindingoffset: 14.22636pt
* modes: includehead includefoot twoside 
* h-part:(L,W,R)=(71.13188pt, 404.02908pt, 108.12054pt)
* v-part:(T,H,B)=(42.67912pt, 759.6886pt, 42.67912pt)
* \paperwidth=597.50787pt
* \paperheight=845.04684pt
* \textwidth=404.02908pt
* \textheight=693.49821pt
* \oddsidemargin=13.08826pt
* \evensidemargin=35.85056pt
* \topmargin=-29.59087pt
* \headheight=18.85364pt
* \headsep=19.8738pt
* \topskip=11.0pt
* \footskip=27.46295pt
* \marginparwidth=116.0pt
* \marginparsep=7.0pt
* \columnsep=10.0pt
* \skip\footins=10.0pt plus 4.0pt minus 2.0pt
* \hoffset=0.0pt
* \voffset=0.0pt
* \mag=1000
* \@twocolumnfalse
* \@twosidetrue
* \@mparswitchtrue
* \@reversemarginfalse
* (1in=72.27pt=25.4mm, 1cm=28.453pt)

Package scrlayer Info: Setting magic \footheight to \baselineskip while
(scrlayer)             \begin{document} on input line 97.
Package scrbase Info: activating english \abbrevname on input line 97.
Package scrbase Info: activating english \byname on input line 97.
Package scrbase Info: activating english \acknowledgementname on input line 97.

Package scrbase Info: activating english \authorshipname on input line 97.
Package scrbase Info: activating english \constantsname on input line 97.
Package scrbase Info: activating english \symbolsname on input line 97.
(/home/aitor/.miktex/texmfs/install/tex/latex/pdflscape/pdflscape.sty
Package: pdflscape 2019/12/05 v0.12 Display of landscape pages in PDF (HO)

(/home/aitor/.miktex/texmfs/install/tex/latex/graphics/lscape.sty
Package: lscape 2020/05/28 v3.02 Landscape Pages (DPC)
)
Package scrhack Info: loading lscape hack on input line 77.

(/home/aitor/.miktex/texmfs/install/tex/latex/koma-script/lscape.hak
File: lscape.hak 2021/11/13 v3.35 KOMA-Script scrhack part (hacking package lsc
ape)
Package scrhack Info: \landscape patched to make \textheight change optional on
 input line 90.
\scrh@LT@textheight=\skip86
)
Package pdflscape Info: Auto-detected driver: pdftex on input line 81.
)
Package biblatex Info: Trying to load language 'english'...
Package biblatex Info: ... file 'english.lbx' found.

(/home/aitor/.miktex/texmfs/install/tex/latex/biblatex/lbx/english.lbx
File: english.lbx 2020/12/31 v3.16 biblatex localization (PK/MW)
)
Package biblatex Info: Input encoding 'utf8' detected.
Package biblatex Info: Automatic encoding selection.
(biblatex)             Assuming data encoding 'utf8'.
Package biblatex Info: Input encoding 'utf8' specified.
Package biblatex Info: Data encoding 'utf8' specified.
(biblatex)             No need to reencode data.
Package biblatex Info: Document encoding is UTF8 ....
Package biblatex Info: ... and expl3
(biblatex)             2021-11-22 L3 programming layer (loader) 
(biblatex)             is new enough (at least 2020/04/06),
(biblatex)             setting 'casechanger=expl3'.

(/home/aitor/.miktex/texmfs/install/tex/latex/biblatex/blx-case-expl3.sty
Package: blx-case-expl3 2020/12/31 v3.16 expl3 case changing code for biblatex
)
\openout3 = `main-blx.bib'.

Package biblatex Info: Trying to load bibliographic data...
Package biblatex Info: ... file 'main.bbl' found.

(main.bbl)
Package biblatex Info: Reference section=0 on input line 97.
Package biblatex Info: Reference segment=0 on input line 97.
\c@lstlisting=\count509
Package scrhack Info: undefining \float@addtolists on input line 97.
Package hyperref Info: Link coloring ON on input line 97.
 (/home/aitor/.miktex/texmfs/install/tex/latex/hyperref/nameref.sty
Package: nameref 2021-04-02 v2.47 Cross-referencing by name of section

(/home/aitor/.miktex/texmfs/install/tex/latex/refcount/refcount.sty
Package: refcount 2019/12/15 v3.6 Data extraction from label references (HO)
)
(/home/aitor/.miktex/texmfs/install/tex/generic/gettitlestring/gettitlestring.s
ty
Package: gettitlestring 2019/12/15 v1.6 Cleanup title references (HO)
)
\c@section@level=\count510
)
LaTeX Info: Redefining \ref on input line 97.
LaTeX Info: Redefining \pageref on input line 97.
LaTeX Info: Redefining \nameref on input line 97.
 (main.out) (main.out)
\@outlinefile=\write6
\openout6 = `main.out'.



pdfTeX warning: miktex-pdflatex (file ./Cover TFM English.pdf): PDF inclusion: 
found PDF version <1.7>, but at most version <1.5> allowed
<Cover TFM English.pdf, id=302, 597.55246pt x 845.07718pt>
File: Cover TFM English.pdf Graphic file (type pdf)
<use Cover TFM English.pdf>
Package pdftex.def Info: Cover TFM English.pdf  used on input line 98.
(pdftex.def)             Requested size: 597.551pt x 845.07512pt.


pdfTeX warning: miktex-pdflatex (file ./Cover TFM English.pdf): PDF inclusion: 
found PDF version <1.7>, but at most version <1.5> allowed
File: Cover TFM English.pdf Graphic file (type pdf)
<use Cover TFM English.pdf>
Package pdftex.def Info: Cover TFM English.pdf  used on input line 98.
(pdftex.def)             Requested size: 597.551pt x 845.07512pt.


pdfTeX warning: miktex-pdflatex (file ./Cover TFM English.pdf): PDF inclusion: 
found PDF version <1.7>, but at most version <1.5> allowed


pdfTeX warning: miktex-pdflatex (file ./Cover TFM English.pdf): PDF inclusion: 
found PDF version <1.7>, but at most version <1.5> allowed
<Cover TFM English.pdf, id=305, page=1, 597.55246pt x 845.07718pt>
File: Cover TFM English.pdf Graphic file (type pdf)
<use Cover TFM English.pdf, page 1>
Package pdftex.def Info: Cover TFM English.pdf , page1 used on input line 98.
(pdftex.def)             Requested size: 597.551pt x 845.07512pt.
File: Cover TFM English.pdf Graphic file (type pdf)
<use Cover TFM English.pdf, page 1>
Package pdftex.def Info: Cover TFM English.pdf , page1 used on input line 98.
(pdftex.def)             Requested size: 597.57834pt x 845.1138pt.
File: Cover TFM English.pdf Graphic file (type pdf)
<use Cover TFM English.pdf, page 1>
Package pdftex.def Info: Cover TFM English.pdf , page1 used on input line 98.
(pdftex.def)             Requested size: 597.57834pt x 845.1138pt.
File: Cover TFM English.pdf Graphic file (type pdf)
<use Cover TFM English.pdf, page 1>
Package pdftex.def Info: Cover TFM English.pdf , page1 used on input line 98.
(pdftex.def)             Requested size: 597.57834pt x 845.1138pt.
File: Cover TFM English.pdf Graphic file (type pdf)
<use Cover TFM English.pdf, page 1>
Package pdftex.def Info: Cover TFM English.pdf , page1 used on input line 98.
(pdftex.def)             Requested size: 597.57834pt x 845.1138pt.
[1

 <./Cover TFM English.pdf>] [2

]
1: section
[1

{/home/aitor/.miktex/texmfs/data/fonts/map/pdftex/pdftex.map}] [2

]
--------------------
 Declaration of Authorship
--------------------
LaTeX Font Info:    Trying to load font information for TS1+ppl on input line 1
55.
(/home/aitor/.miktex/texmfs/install/tex/latex/psnfss/ts1ppl.fd
File: ts1ppl.fd 2001/06/04 font definitions for TS1/ppl.
)
Underfull \hbox (badness 10000) in paragraph at lines 160--161

 []

1: section
LaTeX Font Info:    Trying to load font information for OT1+ppl on input line 1
70.
(/home/aitor/.miktex/texmfs/install/tex/latex/psnfss/ot1ppl.fd
File: ot1ppl.fd 2001/06/04 font definitions for OT1/ppl.
)
LaTeX Font Info:    Trying to load font information for OML+zplm on input line 
170.

(/home/aitor/.miktex/texmfs/install/tex/latex/psnfss/omlzplm.fd
File: omlzplm.fd 2002/09/08 Fontinst v1.914 font definitions for OML/zplm.
)
LaTeX Font Info:    Trying to load font information for OMS+zplm on input line 
170.

(/home/aitor/.miktex/texmfs/install/tex/latex/psnfss/omszplm.fd
File: omszplm.fd 2002/09/08 Fontinst v1.914 font definitions for OMS/zplm.
)
LaTeX Font Info:    Trying to load font information for OMX+zplm on input line 
170.

(/home/aitor/.miktex/texmfs/install/tex/latex/psnfss/omxzplm.fd
File: omxzplm.fd 2002/09/08 Fontinst v1.914 font definitions for OMX/zplm.
)
LaTeX Font Info:    Trying to load font information for OT1+zplm on input line 
170.

(/home/aitor/.miktex/texmfs/install/tex/latex/psnfss/ot1zplm.fd
File: ot1zplm.fd 2002/09/08 Fontinst v1.914 font definitions for OT1/zplm.
) [3] [4

]
--------------------
 Abstract
--------------------

Underfull \hbox (badness 10000) in paragraph at lines 178--184
\T1/ppl/m/n/10.95 meth-ods to ef-fec-tively rep-re-sent wa-ter so-lid-i-fi-ca-t
ion.
 []


Underfull \hbox (badness 10000) in paragraph at lines 178--184
\T1/ppl/m/n/10.95 au-thors in Bour-dil-lon and Kowaleski and Re-bow.
 []

1: section
[5

] [6

]
--------------------
 Acknowledgements
--------------------

Underfull \hbox (badness 10000) in paragraph at lines 194--197
\T1/ppl/m/n/10.95 tavo Raush for their in-valu-able help through-out this work.

 []

1: section
[7] [8

] (main.toc
1: section
[9])
\tf@toc=\write7
\openout7 = `main.toc'.

 [10] (main.lof
Overfull \hbox (115.80656pt too wide) in paragraph at lines 30--30
 [][] [][][]\T1/ppl/m/n/10.95 Flowchart of the con-ju-gate heat trans-fer solve
r.[][][] [][]  
 []

)
\tf@lof=\write8
\openout8 = `main.lof'.


1: section
[11

] [12

] (main.lot)
\tf@lot=\write9
\openout9 = `main.lot'.


1: section
[13] [14

]
1: section
\openout2 = `Chapters/Chapter1.aux'.

(Chapters/Chapter1.tex
Chapter 1.

Overfull \hbox (3.06508pt too wide) in paragraph at lines 20--27
\T1/ppl/m/n/10.95 These sub-stances re-lease or ab-sorb large amounts of la-ten
t heat when they go through
 []


LaTeX Warning: Reference `phasechanges' on page 1 undefined on input line 33.


LaTeX Warning: Citation 'krabbenhoft_damkilde_nazem_2006' on page 1 undefined o
n input line 33.


Overfull \hbox (0.67776pt too wide) in paragraph at lines 33--34
\T1/ppl/m/n/10.95 of tem-per-a-ture gen-er-ated within a nar-row tem-per-a-ture
 range near the freez-ing point.
 []

<Figures//isothermal_phasechange.png, id=527, 391.4625pt x 347.04657pt>
File: Figures//isothermal_phasechange.png Graphic file (type png)
<use Figures//isothermal_phasechange.png>
Package pdftex.def Info: Figures//isothermal_phasechange.png  used on input lin
e 38.
(pdftex.def)             Requested size: 202.01454pt x 179.09372pt.
<Figures//non_iso_phasechange.png, id=528, 386.19281pt x 329.73187pt>
File: Figures//non_iso_phasechange.png Graphic file (type png)
<use Figures//non_iso_phasechange.png>
Package pdftex.def Info: Figures//non_iso_phasechange.png  used on input line 4
5.
(pdftex.def)             Requested size: 202.01454pt x 172.47787pt.

Overfull \hbox (2.0805pt too wide) in paragraph at lines 36--49
[]$[]$  $[]$ 
 []

1: section
[1


]
Underfull \hbox (badness 10000) in paragraph at lines 63--65

 []

[2 <./Figures//isothermal_phasechange.png (PNG copy)> <./Figures//non_iso_phase
change.png (PNG copy)>]
Underfull \hbox (badness 10000) in paragraph at lines 73--79

 []

<Figures//crystallization_of_water.png, id=538, 1897.0875pt x 1678.27pt>
File: Figures//crystallization_of_water.png Graphic file (type png)
<use Figures//crystallization_of_water.png>
Package pdftex.def Info: Figures//crystallization_of_water.png  used on input l
ine 88.
(pdftex.def)             Requested size: 242.4199pt x 214.44394pt.

LaTeX Warning: `h' float specifier changed to `ht'.


Underfull \hbox (badness 10000) in paragraph at lines 94--100

 []

[3]) [4 <./Figures//crystallization_of_water.png>]
\openout2 = `Chapters/Chapter2.aux'.

 (Chapters/Chapter2.tex
Chapter 2.

Underfull \hbox (badness 10000) in paragraph at lines 11--14

 []

1: section
[5




]
Overfull \hbox (5.87393pt too wide) in paragraph at lines 44--47
[]\T1/ppl/m/n/10.95 The vol-ume of fluid method takes rel-e-vance when flu-ids 
co-ex-ist with other phases.
 []

[6]
Overfull \hbox (2.25043pt too wide) in paragraph at lines 117--120
\T1/ppl/m/n/10.95 The co-ef-fi-cient $\OML/zplm/m/it/10.95 C[]$ \T1/ppl/m/n/10.
95 might be in-ter-preted as a time rate and must be em-pir-i-cally tunned.
 []

[7]

Package hyperref Warning: Token not allowed in a PDF string (Unicode):
(hyperref)                removing `math shift' on input line 162.


Package hyperref Warning: Token not allowed in a PDF string (Unicode):
(hyperref)                removing `subscript' on input line 162.


Package hyperref Warning: Token not allowed in a PDF string (Unicode):
(hyperref)                removing `math shift' on input line 162.

[8] [9]
Overfull \hbox (2.67596pt too wide) in paragraph at lines 218--219
[]\T1/ppl/m/n/10.95 The ki-netic part of the nu-cle-ation rate is in-tro-duced 
in the form of wa-ter molecules
 []

<Figures//crystallization_rate.png, id=632, 402.00188pt x 282.30469pt>
File: Figures//crystallization_rate.png Graphic file (type png)
<use Figures//crystallization_rate.png>
Package pdftex.def Info: Figures//crystallization_rate.png  used on input line 
253.
(pdftex.def)             Requested size: 242.4199pt x 170.23701pt.
[10] [11 <./Figures//crystallization_rate.png (PNG copy)>]) [12]
\openout2 = `Chapters/Chapter3.aux'.


(Chapters/Chapter3.tex
Chapter 3.

LaTeX Warning: Citation 'moukalled_mangani_darwish_2016' on page 13 undefined o
n input line 13.

1: section
[13




]

LaTeX Warning: Reference `fig:structureOF' on page 14 undefined on input line 3
6.

[14]
LaTeX Font Info:    Trying to load font information for T1+cmtt on input line 8
6.
 (/home/aitor/.miktex/texmfs/install/tex/latex/base/t1cmtt.fd
File: t1cmtt.fd 2019/12/16 v2.5j Standard LaTeX font definitions
)
Overfull \hbox (2.5447pt too wide) in paragraph at lines 94--95
[]\T1/ppl/m/n/10.95 The "con-stant" di-rec-tory con-tains all the in-for-ma-tio
n typ-i-cally re-gard-ing the phys-
 []

[15

] [16]
<Figures//CF_GEOM.png, id=689, 1148.29pt x 797.98125pt>
File: Figures//CF_GEOM.png Graphic file (type png)
<use Figures//CF_GEOM.png>
Package pdftex.def Info: Figures//CF_GEOM.png  used on input line 119.
(pdftex.def)             Requested size: 222.21722pt x 154.41853pt.
 [17 <./Figures//CF_GEOM.png (PNG copy)>] [18]

LaTeX Warning: Reference `polydens' on page 19 undefined on input line 201.

[19]
Overfull \hbox (7.04004pt too wide) in paragraph at lines 235--235
 [][]\T1/ppl/m/n/10.95 Temperature 
 []

[20

]

LaTeX Warning: Citation 'berberovic_van hinsberg_jakirlic_roisman_tropea_2009' 
on page 21 undefined on input line 295.


LaTeX Warning: Reference `label' on page 21 undefined on input line 315.


LaTeX Warning: Citation 'rhie_chow_1983' on page 21 undefined on input line 320
.

[21]

LaTeX Warning: `!h' float specifier changed to `!ht'.


LaTeX Warning: `!h' float specifier changed to `!ht'.


LaTeX Warning: `!h' float specifier changed to `!ht'.

[22] [23]
Overfull \hbox (23.16533pt too wide) in paragraph at lines 422--430
 [][] 
 []

<Figures//BBPF_T_1500s.png, id=742, 963.6pt x 542.025pt>
File: Figures//BBPF_T_1500s.png Graphic file (type png)
<use Figures//BBPF_T_1500s.png>
Package pdftex.def Info: Figures//BBPF_T_1500s.png  used on input line 454.
(pdftex.def)             Requested size: 222.21722pt x 124.99394pt.
<Figures//CF_T_1500s_comp.png, id=743, 963.6pt x 542.025pt>
File: Figures//CF_T_1500s_comp.png Graphic file (type png)
<use Figures//CF_T_1500s_comp.png>
Package pdftex.def Info: Figures//CF_T_1500s_comp.png  used on input line 455.
(pdftex.def)             Requested size: 222.21722pt x 124.99394pt.

Overfull \hbox (40.40536pt too wide) in paragraph at lines 454--456
[][] [] 
 []

<Figures//BBPF_U_1500s.png, id=744, 963.6pt x 542.025pt>
File: Figures//BBPF_U_1500s.png Graphic file (type png)
<use Figures//BBPF_U_1500s.png>
Package pdftex.def Info: Figures//BBPF_U_1500s.png  used on input line 460.
(pdftex.def)             Requested size: 222.21722pt x 124.99394pt.
<Figures//CF_U_1500s_comp.png, id=745, 963.6pt x 542.025pt>
File: Figures//CF_U_1500s_comp.png Graphic file (type png)
<use Figures//CF_U_1500s_comp.png>
Package pdftex.def Info: Figures//CF_U_1500s_comp.png  used on input line 461.
(pdftex.def)             Requested size: 222.21722pt x 124.99394pt.

Overfull \hbox (40.40536pt too wide) in paragraph at lines 460--462
[][] [] 
 []

[24

 <./Figures//BBPF_T_1500s.png> <./Figures//CF_T_1500s_comp.png> <./Figures//BBP
F_U_1500s.png> <./Figures//CF_U_1500s_comp.png>] [25]
<Figures//temperature_xpos_conv.png, id=762, 462.528pt x 346.896pt>
File: Figures//temperature_xpos_conv.png Graphic file (type png)
<use Figures//temperature_xpos_conv.png>
Package pdftex.def Info: Figures//temperature_xpos_conv.png  used on input line
 497.
(pdftex.def)             Requested size: 202.01454pt x 151.51254pt.
<Figures//temperature_ypos_conv.png, id=763, 462.528pt x 346.896pt>
File: Figures//temperature_ypos_conv.png Graphic file (type png)
<use Figures//temperature_ypos_conv.png>
Package pdftex.def Info: Figures//temperature_ypos_conv.png  used on input line
 503.
(pdftex.def)             Requested size: 202.01454pt x 151.51254pt.
<Figures//xvel_xpos_conv.png, id=764, 462.528pt x 346.896pt>
File: Figures//xvel_xpos_conv.png Graphic file (type png)
<use Figures//xvel_xpos_conv.png>
Package pdftex.def Info: Figures//xvel_xpos_conv.png  used on input line 507.
(pdftex.def)             Requested size: 202.01454pt x 151.51254pt.
<Figures//xvel_ypos_conv.png, id=765, 462.528pt x 346.896pt>
File: Figures//xvel_ypos_conv.png Graphic file (type png)
<use Figures//xvel_ypos_conv.png>
Package pdftex.def Info: Figures//xvel_ypos_conv.png  used on input line 511.
(pdftex.def)             Requested size: 202.01454pt x 151.51254pt.
<Figures//yvel_xpos_conv.png, id=766, 462.528pt x 346.896pt>
File: Figures//yvel_xpos_conv.png Graphic file (type png)
<use Figures//yvel_xpos_conv.png>
Package pdftex.def Info: Figures//yvel_xpos_conv.png  used on input line 515.
(pdftex.def)             Requested size: 202.01454pt x 151.51254pt.
<Figures//yvel_ypos_conv.png, id=767, 462.528pt x 346.896pt>
File: Figures//yvel_ypos_conv.png Graphic file (type png)
<use Figures//yvel_ypos_conv.png>
Package pdftex.def Info: Figures//yvel_ypos_conv.png  used on input line 519.
(pdftex.def)             Requested size: 202.01454pt x 151.51254pt.

Overfull \hbox (2.0805pt too wide) in paragraph at lines 495--522
[]$[]$  $[]$
 []


Overfull \hbox (2.0805pt too wide) in paragraph at lines 495--522
[]$ $[]$
 []


Overfull \hbox (2.0805pt too wide) in paragraph at lines 495--522
[]$ $[]$ 
 []

<Figures//CF_T_100s.png, id=768, 642.4pt x 642.4pt>
File: Figures//CF_T_100s.png Graphic file (type png)
<use Figures//CF_T_100s.png>
Package pdftex.def Info: Figures//CF_T_100s.png  used on input line 529.
(pdftex.def)             Requested size: 101.00726pt x 101.00209pt.
<Figures//CF_T_250s.png, id=769, 642.4pt x 642.4pt>
File: Figures//CF_T_250s.png Graphic file (type png)
<use Figures//CF_T_250s.png>
Package pdftex.def Info: Figures//CF_T_250s.png  used on input line 529.
(pdftex.def)             Requested size: 101.00726pt x 101.00209pt.
<Figures//CF_T_1500s.png, id=770, 642.4pt x 642.4pt>
File: Figures//CF_T_1500s.png Graphic file (type png)
<use Figures//CF_T_1500s.png>
Package pdftex.def Info: Figures//CF_T_1500s.png  used on input line 529.
(pdftex.def)             Requested size: 101.00726pt x 101.00209pt.
<Figures//t.png, id=771, 90.3375pt x 347.79938pt>
File: Figures//t.png Graphic file (type png)
<use Figures//t.png>
Package pdftex.def Info: Figures//t.png  used on input line 529.
(pdftex.def)             Requested size: 26.58345pt x 102.34518pt.
<Figures//CF_U_100s.png, id=772, 642.4pt x 642.4pt>
File: Figures//CF_U_100s.png Graphic file (type png)
<use Figures//CF_U_100s.png>
Package pdftex.def Info: Figures//CF_U_100s.png  used on input line 530.
(pdftex.def)             Requested size: 101.00726pt x 101.00209pt.
<Figures//CF_U_250s.png, id=773, 642.4pt x 642.4pt>
File: Figures//CF_U_250s.png Graphic file (type png)
<use Figures//CF_U_250s.png>
Package pdftex.def Info: Figures//CF_U_250s.png  used on input line 530.
(pdftex.def)             Requested size: 101.00726pt x 101.00209pt.
<Figures//CF_U_1500s.png, id=774, 642.4pt x 642.4pt>
File: Figures//CF_U_1500s.png Graphic file (type png)
<use Figures//CF_U_1500s.png>
Package pdftex.def Info: Figures//CF_U_1500s.png  used on input line 530.
(pdftex.def)             Requested size: 101.00726pt x 101.00209pt.
<Figures//u.png, id=775, 88.07906pt x 345.54094pt>
File: Figures//u.png Graphic file (type png)
<use Figures//u.png>
Package pdftex.def Info: Figures//u.png  used on input line 530.
(pdftex.def)             Requested size: 26.58345pt x 104.28523pt.
<Figures//CF_rho_100s.png, id=776, 642.4pt x 642.4pt>
File: Figures//CF_rho_100s.png Graphic file (type png)
<use Figures//CF_rho_100s.png>
Package pdftex.def Info: Figures//CF_rho_100s.png  used on input line 531.
(pdftex.def)             Requested size: 101.00726pt x 101.00209pt.
<Figures//CF_rho_250s.png, id=777, 642.4pt x 642.4pt>
File: Figures//CF_rho_250s.png Graphic file (type png)
<use Figures//CF_rho_250s.png>
Package pdftex.def Info: Figures//CF_rho_250s.png  used on input line 531.
(pdftex.def)             Requested size: 101.00726pt x 101.00209pt.
<Figures//CF_rho_1500s.png, id=778, 642.4pt x 642.4pt>
File: Figures//CF_rho_1500s.png Graphic file (type png)
<use Figures//CF_rho_1500s.png>
Package pdftex.def Info: Figures//CF_rho_1500s.png  used on input line 531.
(pdftex.def)             Requested size: 101.00726pt x 101.00209pt.
<Figures//rho.png, id=779, 93.34875pt x 430.60875pt>
File: Figures//rho.png Graphic file (type png)
<use Figures//rho.png>
Package pdftex.def Info: Figures//rho.png  used on input line 531.
(pdftex.def)             Requested size: 22.54538pt x 103.99869pt.

LaTeX Warning: `!h' float specifier changed to `!ht'.

[26

 <./Figures//temperature_xpos_conv.png> <./Figures//temperature_ypos_conv.png> 
<./Figures//xvel_xpos_conv.png> <./Figures//xvel_ypos_conv.png> <./Figures//yve
l_xpos_conv.png> <./Figures//yvel_ypos_conv.png>] [27 <./Figures//CF_T_100s.png
 (PNG copy)> <./Figures//CF_T_250s.png (PNG copy)> <./Figures//CF_T_1500s.png (
PNG copy)> <./Figures//t.png (PNG copy)> <./Figures//CF_U_100s.png (PNG copy)> 
<./Figures//CF_U_250s.png (PNG copy)> <./Figures//CF_U_1500s.png (PNG copy)> <.
/Figures//u.png (PNG copy)> <./Figures//CF_rho_100s.png (PNG copy)> <./Figures/
/CF_rho_250s.png (PNG copy)> <./Figures//CF_rho_1500s.png (PNG copy)> <./Figure
s//rho.png (PNG copy)>]
Overfull \hbox (4.90416pt too wide) in paragraph at lines 547--548
\T1/ppl/m/n/10.95 the in-ter-phase. Thus, a smooth tran-si-tion be-tween phase 
prop-er-ties must be achieved. 
 []


Overfull \hbox (2.55566pt too wide) in paragraph at lines 577--578
[]\T1/ppl/m/n/10.95 IcoReactingMultiphaseInterFoam solver is a mul-ti-phase, mu
l-ti-com-po-nent in-com-
 []

[28

]

LaTeX Warning: `!h' float specifier changed to `!ht'.


LaTeX Warning: `!h' float specifier changed to `!ht'.


LaTeX Warning: `!h' float specifier changed to `!ht'.


Overfull \hbox (23.16533pt too wide) in paragraph at lines 693--704
 [][] 
 []


LaTeX Warning: `!h' float specifier changed to `!ht'.


LaTeX Warning: `!h' float specifier changed to `!ht'.

<Figures//temperature_xpos_EL.png, id=806, 462.528pt x 346.896pt>
File: Figures//temperature_xpos_EL.png Graphic file (type png)
<use Figures//temperature_xpos_EL.png>
Package pdftex.def Info: Figures//temperature_xpos_EL.png  used on input line 7
29.
(pdftex.def)             Requested size: 202.01454pt x 151.51254pt.
<Figures//temperature_ypos_EL.png, id=807, 462.528pt x 346.896pt>
File: Figures//temperature_ypos_EL.png Graphic file (type png)
<use Figures//temperature_ypos_EL.png>
Package pdftex.def Info: Figures//temperature_ypos_EL.png  used on input line 7
35.
(pdftex.def)             Requested size: 202.01454pt x 151.51254pt.
<Figures//xvel_xpos_EL.png, id=808, 462.528pt x 346.896pt>
File: Figures//xvel_xpos_EL.png Graphic file (type png)
<use Figures//xvel_xpos_EL.png>
Package pdftex.def Info: Figures//xvel_xpos_EL.png  used on input line 739.
(pdftex.def)             Requested size: 202.01454pt x 151.51254pt.
<Figures//xvel_ypos_EL.png, id=809, 462.528pt x 346.896pt>
File: Figures//xvel_ypos_EL.png Graphic file (type png)
<use Figures//xvel_ypos_EL.png>
Package pdftex.def Info: Figures//xvel_ypos_EL.png  used on input line 743.
(pdftex.def)             Requested size: 202.01454pt x 151.51254pt.
<Figures//yvel_xpos_EL.png, id=810, 462.528pt x 346.896pt>
File: Figures//yvel_xpos_EL.png Graphic file (type png)
<use Figures//yvel_xpos_EL.png>
Package pdftex.def Info: Figures//yvel_xpos_EL.png  used on input line 747.
(pdftex.def)             Requested size: 202.01454pt x 151.51254pt.
<Figures//yvel_ypos_EL.png, id=811, 462.528pt x 346.896pt>
File: Figures//yvel_ypos_EL.png Graphic file (type png)
<use Figures//yvel_ypos_EL.png>
Package pdftex.def Info: Figures//yvel_ypos_EL.png  used on input line 751.
(pdftex.def)             Requested size: 202.01454pt x 151.51254pt.

Overfull \hbox (2.0805pt too wide) in paragraph at lines 727--754
[]$[]$  $[]$
 []


Overfull \hbox (2.0805pt too wide) in paragraph at lines 727--754
[]$ $[]$
 []


Overfull \hbox (2.0805pt too wide) in paragraph at lines 727--754
[]$ $[]$ 
 []

[29]

LaTeX Warning: `!h' float specifier changed to `!ht'.

[30]

LaTeX Warning: Command \textordmasculine invalid in math mode on input line 770
.


LaTeX Warning: Command \textordmasculine invalid in math mode on input line 770
.

Missing character: There is no  in font pplr7t!
[31] [32 <./Figures//temperature_xpos_EL.png> <./Figures//temperature_ypos_EL.p
ng> <./Figures//xvel_xpos_EL.png> <./Figures//xvel_ypos_EL.png> <./Figures//yve
l_xpos_EL.png> <./Figures//yvel_ypos_EL.png>]) [33]
\openout2 = `Chapters/Chapter4.aux'.

 (Chapters/Chapter4.tex
[34




]
Chapter 4.
1: section
[35]
<Figures//CHT_flowchart.png, id=869, 749.04843pt x 495.35063pt>
File: Figures//CHT_flowchart.png Graphic file (type png)
<use Figures//CHT_flowchart.png>
Package pdftex.def Info: Figures//CHT_flowchart.png  used on input line 43.
(pdftex.def)             Requested size: 404.02908pt x 267.19058pt.


LaTeX Warning: Citation 'sugimoto_kuramae_matsumoto_watanabe_2021' on page 36 u
ndefined on input line 45.


LaTeX Warning: Citation 'sugimoto_kuramae_matsumoto_watanabe_2021' on page 36 u
ndefined on input line 45.


Underfull \hbox (badness 10000) in paragraph at lines 45--45
 []\T1/ppl/m/sc/10 Figure 4.1: |\T1/ppl/m/n/10 Flowchart of the con-ju-gate hea
t trans-fer 
 []

[36 <./Figures//CHT_flowchart.png (PNG copy)>]) [37]
\openout2 = `Chapters/Chapter5.aux'.

 (Chapters/Chapter5.tex
[38




]
Chapter 5.
)
1: section
[39]
\openout2 = `Chapters/Chapter6.aux'.

 (Chapters/Chapter6.tex [40




]
Chapter 6.
)
1: section
[41]
\openout2 = `Appendices/AppendixA.aux'.

 (Appendices/AppendixA.tex [42




]
Appendix A.
)
1: section
[43] [44



]
! Misplaced alignment tab character &.
<argument> Computers &
                       Fluids
l.243 \printbibliography[heading=bibintoc]
                                          
I can't figure out why you would want to use a tab mark
here. If you just want an ampersand, the remedy is
simple: Just type `I\&' now. But if some right brace
up above has ended a previous alignment prematurely,
you're probably due for more error messages, and you
might try typing `S' now just to see what is salvageable.

1: section
[45]
\openout2 = `example.bib.aux'.


No file example.bib.tex.
(main.aux (Chapters/Chapter1.aux) (Chapters/Chapter2.aux)
(Chapters/Chapter3.aux) (Chapters/Chapter4.aux) (Chapters/Chapter5.aux)
(Chapters/Chapter6.aux) (Appendices/AppendixA.aux) (example.bib.aux))

LaTeX Warning: There were undefined references.


LaTeX Warning: There were multiply-defined labels.

Package rerunfilecheck Info: File `main.out' has not changed.
(rerunfilecheck)             Checksum: B08EB576608DEEA52CA6ADBFC0664A79;13932.

Package biblatex Warning: Please (re)run BibTeX on the file(s):
(biblatex)                main
(biblatex)                and rerun LaTeX afterwards.

Package logreq Info: Writing requests to 'main.run.xml'.
\openout1 = `main.run.xml'.

 ) 
Here is how much of TeX's memory you used:
 54908 strings out of 478696
 1255272 string characters out of 2850191
 1716455 words of memory out of 3000000
 71876 multiletter control sequences out of 15000+600000
 479085 words of font info for 154 fonts, out of 8000000 for 9000
 1141 hyphenation exceptions out of 8191
 133i,20n,133p,1841b,2876s stack positions out of 5000i,500n,10000p,200000b,80000s
{/home/aitor/.miktex/texmfs/install/fonts/enc/dvips/cm-super/cm-super-t1.enc}
{/home/aitor/.miktex/texmfs/install/fonts/enc/dvips/base/8r.enc}</home/aitor/.m
iktex/texmfs/install/fonts/type1/public/amsfonts/cm/cmex10.pfb></home/aitor/.mi
ktex/texmfs/install/fonts/type1/public/amsfonts/cm/cmmi10.pfb></home/aitor/.mik
tex/texmfs/install/fonts/type1/public/amsfonts/cm/cmr10.pfb></home/aitor/.mikte
x/texmfs/install/fonts/type1/public/amsfonts/cm/cmsy10.pfb></home/aitor/.miktex
/texmfs/install/fonts/type1/public/mathpazo/fplmr.pfb></home/aitor/.miktex/texm
fs/install/fonts/type1/public/mathpazo/fplmri.pfb></home/aitor/.miktex/texmfs/i
nstall/fonts/type1/public/cm-super/sftt1000.pfb></home/aitor/.miktex/texmfs/ins
tall/fonts/type1/public/cm-super/sftt1095.pfb></home/aitor/.miktex/texmfs/insta
ll/fonts/type1/urw/palatino/uplb8a.pfb></home/aitor/.miktex/texmfs/install/font
s/type1/urw/palatino/uplbi8a.pfb></home/aitor/.miktex/texmfs/install/fonts/type
1/urw/palatino/uplr8a.pfb></home/aitor/.miktex/texmfs/install/fonts/type1/urw/p
alatino/uplr8a.pfb></home/aitor/.miktex/texmfs/install/fonts/type1/urw/palatino
/uplri8a.pfb>
Output written on main.pdf (61 pages, 3796276 bytes).
PDF statistics:
 1045 PDF objects out of 1200 (max. 8388607)
 273 named destinations out of 1000 (max. 500000)
 795 words of extra memory for PDF output out of 10000 (max. 10000000)

